GPU list: [0, 1, 2, 3]
[
    {
        "learn_pos_emb": true,
        "tied_weights": false,
        "embedding_dim": 64,
        "transformer_dim": 64,
        "transformer_hidden_dim": 128,
        "head_dim": 32,
        "num_head": 2,
        "num_layers": 2,
        "vocab_size": 512,
        "max_seq_len": 4096,
        "dropout_prob": 0.1,
        "attention_dropout": 0.1,
        "pooling_mode": "MEAN",
        "block_size": 64,
        "num_classes": 2,
        "batch_size": 8,
        "density": 0.021,
        "mixed_precision": true,
        "random_seed": 4,
        "task": "lra-retrieval"
    },
    {
        "batch_size": 32,
        "learning_rate": 0.0005,
        "warmup": 800,
        "lr_decay": "linear",
        "weight_decay": 0,
        "eval_frequency": 200,
        "num_train_steps": 10000,
        "num_init_steps": 3000,
        "num_eval_steps": 300,
        "num_dense_train_steps": 1000,
        "patience": 10,
        "attn_loss_scale": 0.01
    }
]
attn_mask compile
attn_mask compile
DataParallel(
  (module): ModelForSCDual(
    (model): Model(
      (embeddings): Embeddings(
        (word_embeddings): Embedding(512, 64)
        (position_embeddings): Embedding(4096, 64)
        (dropout): Dropout(p=0.1, inplace=False)
      )
      (transformer_0): TransformerLayer(
        (norm1): LayerNorm((64,), eps=1e-05, elementwise_affine=True)
        (mha): Attention(
          (W_q): Linear(in_features=64, out_features=64, bias=True)
          (W_k): Linear(in_features=64, out_features=64, bias=True)
          (W_v): Linear(in_features=64, out_features=64, bias=True)
          (avg_pool): AvgPool2d(kernel_size=64, stride=64, padding=0)
          (MSEloss): MSELoss()
          (attn): CUDAMaskAttention()
          (ff): Linear(in_features=64, out_features=64, bias=True)
        )
        (dropout1): Dropout(p=0.1, inplace=False)
        (norm2): LayerNorm((64,), eps=1e-05, elementwise_affine=True)
        (mlpblock): Sequential(
          (0): Linear(in_features=64, out_features=128, bias=True)
          (1): GELU(approximate='none')
          (2): Dropout(p=0.1, inplace=False)
          (3): Linear(in_features=128, out_features=64, bias=True)
          (4): Dropout(p=0.1, inplace=False)
        )
      )
      (transformer_1): TransformerLayer(
        (norm1): LayerNorm((64,), eps=1e-05, elementwise_affine=True)
        (mha): Attention(
          (W_q): Linear(in_features=64, out_features=64, bias=True)
          (W_k): Linear(in_features=64, out_features=64, bias=True)
          (W_v): Linear(in_features=64, out_features=64, bias=True)
          (avg_pool): AvgPool2d(kernel_size=64, stride=64, padding=0)
          (MSEloss): MSELoss()
          (attn): CUDAMaskAttention()
          (ff): Linear(in_features=64, out_features=64, bias=True)
        )
        (dropout1): Dropout(p=0.1, inplace=False)
        (norm2): LayerNorm((64,), eps=1e-05, elementwise_affine=True)
        (mlpblock): Sequential(
          (0): Linear(in_features=64, out_features=128, bias=True)
          (1): GELU(approximate='none')
          (2): Dropout(p=0.1, inplace=False)
          (3): Linear(in_features=128, out_features=64, bias=True)
          (4): Dropout(p=0.1, inplace=False)
        )
      )
      (norm): LayerNorm((64,), eps=1e-05, elementwise_affine=True)
    )
    (seq_classifer): SCHeadDual(
      (mlpblock): Sequential(
        (0): Linear(in_features=256, out_features=128, bias=True)
        (1): ReLU()
        (2): Linear(in_features=128, out_features=2, bias=True)
      )
    )
  )
)
parameter_size: [torch.Size([512, 64]), torch.Size([4096, 64]), torch.Size([64]), torch.Size([64]), torch.Size([64, 32]), torch.Size([64, 64]), torch.Size([64]), torch.Size([64, 64]), torch.Size([64]), torch.Size([64, 64]), torch.Size([64]), torch.Size([64, 64]), torch.Size([64]), torch.Size([64]), torch.Size([64]), torch.Size([128, 64]), torch.Size([128]), torch.Size([64, 128]), torch.Size([64]), torch.Size([64]), torch.Size([64]), torch.Size([64, 32]), torch.Size([64, 64]), torch.Size([64]), torch.Size([64, 64]), torch.Size([64]), torch.Size([64, 64]), torch.Size([64]), torch.Size([64, 64]), torch.Size([64]), torch.Size([64]), torch.Size([64]), torch.Size([128, 64]), torch.Size([128]), torch.Size([64, 128]), torch.Size([64]), torch.Size([64]), torch.Size([64]), torch.Size([128, 256]), torch.Size([128]), torch.Size([2, 128]), torch.Size([2])]
num_parameter: 399234
Loaded ../Skyformer/data/lra_processed/lra-retrieval.train.pickle... size=147086
Loaded ../Skyformer/data/lra_processed/lra-retrieval.dev.pickle... size=18090
Loaded ../Skyformer/data/lra_processed/lra-retrieval.test.pickle... size=17437
accumu_steps=1
