GPU list: [0, 1, 2, 3]
[
    {
        "learn_pos_emb": true,
        "tied_weights": false,
        "embedding_dim": 64,
        "transformer_dim": 64,
        "transformer_hidden_dim": 128,
        "head_dim": 32,
        "num_head": 2,
        "num_layers": 2,
        "vocab_size": 512,
        "max_seq_len": 1024,
        "dropout_prob": 0.1,
        "attention_dropout": 0.1,
        "pooling_mode": "MEAN",
        "num_classes": 14,
        "block_size": 32,
        "batch_size": 128,
        "density": 0.04,
        "mixed_precision": true,
        "random_seed": 9,
        "task": "lra-nature"
    },
    {
        "batch_size": 512,
        "learning_rate": 0.003,
        "warmup": 800,
        "lr_decay": "linear",
        "weight_decay": 0,
        "eval_frequency": 500,
        "num_train_steps": 10000,
        "num_init_steps": 3000,
        "num_eval_steps": 300,
        "num_dense_train_steps": 1000,
        "patience": 10,
        "attn_loss_scale": 0.01
    }
]
attn compile
attn compile
DataParallel(
  (module): ModelForSC(
    (model): Model(
      (embeddings): Embeddings(
        (word_embeddings): Embedding(512, 64)
        (position_embeddings): Embedding(1024, 64)
        (dropout): Dropout(p=0.1, inplace=False)
      )
      (transformer_0): TransformerLayer(
        (norm1): LayerNorm((64,), eps=1e-05, elementwise_affine=True)
        (mha): Attention(
          (W_q): Linear(in_features=64, out_features=64, bias=True)
          (W_k): Linear(in_features=64, out_features=64, bias=True)
          (W_v): Linear(in_features=64, out_features=64, bias=True)
          (avg_pool): AvgPool2d(kernel_size=32, stride=32, padding=0)
          (MSEloss): MSELoss()
          (attn): CUDAAttention()
          (ff): Linear(in_features=64, out_features=64, bias=True)
        )
        (dropout1): Dropout(p=0.1, inplace=False)
        (norm2): LayerNorm((64,), eps=1e-05, elementwise_affine=True)
        (mlpblock): Sequential(
          (0): Linear(in_features=64, out_features=128, bias=True)
          (1): GELU(approximate='none')
          (2): Dropout(p=0.1, inplace=False)
          (3): Linear(in_features=128, out_features=64, bias=True)
          (4): Dropout(p=0.1, inplace=False)
        )
      )
      (transformer_1): TransformerLayer(
        (norm1): LayerNorm((64,), eps=1e-05, elementwise_affine=True)
        (mha): Attention(
          (W_q): Linear(in_features=64, out_features=64, bias=True)
          (W_k): Linear(in_features=64, out_features=64, bias=True)
          (W_v): Linear(in_features=64, out_features=64, bias=True)
          (avg_pool): AvgPool2d(kernel_size=32, stride=32, padding=0)
          (MSEloss): MSELoss()
          (attn): CUDAAttention()
          (ff): Linear(in_features=64, out_features=64, bias=True)
        )
        (dropout1): Dropout(p=0.1, inplace=False)
        (norm2): LayerNorm((64,), eps=1e-05, elementwise_affine=True)
        (mlpblock): Sequential(
          (0): Linear(in_features=64, out_features=128, bias=True)
          (1): GELU(approximate='none')
          (2): Dropout(p=0.1, inplace=False)
          (3): Linear(in_features=128, out_features=64, bias=True)
          (4): Dropout(p=0.1, inplace=False)
        )
      )
      (norm): LayerNorm((64,), eps=1e-05, elementwise_affine=True)
    )
    (seq_classifer): SCHead(
      (mlpblock): Sequential(
        (0): Linear(in_features=64, out_features=128, bias=True)
        (1): ReLU()
        (2): Linear(in_features=128, out_features=14, bias=True)
      )
    )
  )
)
parameter_size: [torch.Size([512, 64]), torch.Size([1024, 64]), torch.Size([64]), torch.Size([64]), torch.Size([32, 32]), torch.Size([64, 64]), torch.Size([64]), torch.Size([64, 64]), torch.Size([64]), torch.Size([64, 64]), torch.Size([64]), torch.Size([64, 64]), torch.Size([64]), torch.Size([64]), torch.Size([64]), torch.Size([128, 64]), torch.Size([128]), torch.Size([64, 128]), torch.Size([64]), torch.Size([64]), torch.Size([64]), torch.Size([32, 32]), torch.Size([64, 64]), torch.Size([64]), torch.Size([64, 64]), torch.Size([64]), torch.Size([64, 64]), torch.Size([64]), torch.Size([64, 64]), torch.Size([64]), torch.Size([64]), torch.Size([64]), torch.Size([128, 64]), torch.Size([128]), torch.Size([64, 128]), torch.Size([64]), torch.Size([64]), torch.Size([64]), torch.Size([128, 64]), torch.Size([128]), torch.Size([14, 128]), torch.Size([14])]
num_parameter: 177550
Loaded ../Skyformer/data/lra_processed/lra-nature.train.pickle... size=437513
Loaded ../Skyformer/data/lra_processed/lra-nature.dev.pickle... size=24426
Loaded ../Skyformer/data/lra_processed/lra-nature.test.pickle... size=24426
accumu_steps=1
module.model.transformer_0.mha.pattern saved
module.model.transformer_1.mha.pattern saved
./pickle/lra-nature/module.model.transformer_0.mha.pattern.pickle
tensor([231,  66, 957,  99, 594, 495, 297,   0, 198, 561, 627, 528, 363, 726,
        233, 295, 132, 396, 891, 235, 359, 693, 825, 201, 294, 125, 931,  93,
        930,  33, 243, 615, 990, 605, 946, 239, 487, 792, 573, 945],
       device='cuda:0')
tensor(40, device='cuda:0')
block_attn compile
./pickle/lra-nature/module.model.transformer_1.mha.pattern.pickle
tensor([ 990,  363,  264,  759,  924,  198,  891,  660,  858,  462,  957,  528,
         297,  396,   99,  594,  792,  222,  966,  495,  894,  987,  330, 1023,
         798,  984,  726,  766,  983,  132,  382,  971,  627,  606,  978,  286,
         968,  165,  219,  870], device='cuda:0')
tensor(40, device='cuda:0')
block_attn compile
total pattern searching time (s): 0.00511932373046875
[]
best model saved: step =  499 dev accu =  tensor(0.4444, device='cuda:0')

Validation Results
Global Steps: 499
Valid Loss: 1.71233
Valid Accuracy: 0.44444
time stamp: 150.33924198150635
[]
best model saved: step =  999 dev accu =  tensor(0.4568, device='cuda:0')

Validation Results
Global Steps: 999
Valid Loss: 1.68196
Valid Accuracy: 0.45677
time stamp: 191.6921408176422
[]
best model saved: step =  1499 dev accu =  tensor(0.4675, device='cuda:0')

Validation Results
Global Steps: 1499
Valid Loss: 1.67097
Valid Accuracy: 0.46746
time stamp: 232.78938150405884
[]

Validation Results
Global Steps: 1999
Valid Loss: 1.66201
Valid Accuracy: 0.46417
time stamp: 273.6970360279083
[]

Validation Results
Global Steps: 2499
Valid Loss: 1.63687
Valid Accuracy: 0.46514
time stamp: 314.4428217411041
[]
best model saved: step =  2999 dev accu =  tensor(0.4779, device='cuda:0')

Validation Results
Global Steps: 2999
Valid Loss: 1.61777
Valid Accuracy: 0.47792
time stamp: 355.6592926979065
[]
best model saved: step =  3499 dev accu =  tensor(0.4978, device='cuda:0')

Validation Results
Global Steps: 3499
Valid Loss: 1.57258
Valid Accuracy: 0.49784
time stamp: 396.76580238342285
[]

Validation Results
Global Steps: 3999
Valid Loss: 1.59400
Valid Accuracy: 0.49278
time stamp: 437.79226303100586
[]

Validation Results
Global Steps: 4499
Valid Loss: 1.57107
Valid Accuracy: 0.49766
time stamp: 478.779940366745
[]
best model saved: step =  4999 dev accu =  tensor(0.5104, device='cuda:0')

Validation Results
Global Steps: 4999
Valid Loss: 1.53484
Valid Accuracy: 0.51040
time stamp: 519.7168493270874
[]

Validation Results
Global Steps: 5499
Valid Loss: 1.58839
Valid Accuracy: 0.48898
time stamp: 560.5803484916687
[]

Validation Results
Global Steps: 5999
Valid Loss: 1.57763
Valid Accuracy: 0.49453
time stamp: 601.8014159202576
[]

Validation Results
Global Steps: 6499
Valid Loss: 1.61124
Valid Accuracy: 0.48691
time stamp: 642.8482429981232
[]

Validation Results
Global Steps: 6999
Valid Loss: 1.57381
Valid Accuracy: 0.50354
time stamp: 684.0514810085297
[]
best model saved: step =  7499 dev accu =  tensor(0.5105, device='cuda:0')

Validation Results
Global Steps: 7499
Valid Loss: 1.53861
Valid Accuracy: 0.51051
time stamp: 725.2301530838013
[]

Validation Results
Global Steps: 7999
Valid Loss: 1.53894
Valid Accuracy: 0.50105
time stamp: 766.4760918617249
[]

Validation Results
Global Steps: 8499
Valid Loss: 1.55043
Valid Accuracy: 0.50805
time stamp: 807.6036264896393
[]
best model saved: step =  8999 dev accu =  tensor(0.5221, device='cuda:0')

Validation Results
Global Steps: 8999
Valid Loss: 1.51505
Valid Accuracy: 0.52210
time stamp: 848.7008240222931
[]

Validation Results
Global Steps: 9499
Valid Loss: 1.56373
Valid Accuracy: 0.49949
time stamp: 890.0472095012665
[]

Validation Results
Global Steps: 9999
Valid Loss: 1.52309
Valid Accuracy: 0.51745
time stamp: 931.0029981136322
total training step (k): 10.0
total training time (s): 931.0037393569946
total training time (ms): 172382.3037109375
peak memory usage (MB): 8036
allocated memory usage (MB): 59733637
|===========================================================================|
|                  PyTorch CUDA memory summary, device ID 0                 |
|---------------------------------------------------------------------------|
|            CUDA OOMs: 0            |        cudaMalloc retries: 0         |
|===========================================================================|
|        Metric         | Cur Usage  | Peak Usage | Tot Alloc  | Tot Freed  |
|---------------------------------------------------------------------------|
| Allocated memory      |   10389 KB |    8036 MB |   58333 GB |   58333 GB |
|       from large pool |    6144 KB |    8030 MB |   57844 GB |   57844 GB |
|       from small pool |    4245 KB |      15 MB |     489 GB |     489 GB |
|---------------------------------------------------------------------------|
| Active memory         |   10389 KB |    8036 MB |   58333 GB |   58333 GB |
|       from large pool |    6144 KB |    8030 MB |   57844 GB |   57844 GB |
|       from small pool |    4245 KB |      15 MB |     489 GB |     489 GB |
|---------------------------------------------------------------------------|
| GPU reserved memory   |    8614 MB |    8614 MB |    8614 MB |       0 B  |
|       from large pool |    8596 MB |    8596 MB |    8596 MB |       0 B  |
|       from small pool |      18 MB |      18 MB |      18 MB |       0 B  |
|---------------------------------------------------------------------------|
| Non-releasable memory |   12139 KB |    1109 MB |   52480 GB |   52480 GB |
|       from large pool |   10240 KB |    1106 MB |   51955 GB |   51955 GB |
|       from small pool |    1899 KB |       4 MB |     524 GB |     524 GB |
|---------------------------------------------------------------------------|
| Allocations           |     228    |     574    |    6178 K  |    6178 K  |
|       from large pool |       2    |      49    |    2145 K  |    2145 K  |
|       from small pool |     226    |     565    |    4033 K  |    4033 K  |
|---------------------------------------------------------------------------|
| Active allocs         |     228    |     574    |    6178 K  |    6178 K  |
|       from large pool |       2    |      49    |    2145 K  |    2145 K  |
|       from small pool |     226    |     565    |    4033 K  |    4033 K  |
|---------------------------------------------------------------------------|
| GPU reserved segments |      31    |      31    |      31    |       0    |
|       from large pool |      22    |      22    |      22    |       0    |
|       from small pool |       9    |       9    |       9    |       0    |
|---------------------------------------------------------------------------|
| Non-releasable allocs |      10    |      25    |    2811 K  |    2811 K  |
|       from large pool |       2    |      15    |     868 K  |     868 K  |
|       from small pool |       8    |      16    |    1942 K  |    1942 K  |
|---------------------------------------------------------------------------|
| Oversize allocations  |       0    |       0    |       0    |       0    |
|---------------------------------------------------------------------------|
| Oversize GPU segments |       0    |       0    |       0    |       0    |
|===========================================================================|

loading the best model from: ./checkpoints/checkpoints-9/lra-nature/learnable.model
Evaluation Results
Loss: 1.51560
Accuracy: 0.52140
