GPU list: [0, 1, 2, 3]
[
    {
        "learn_pos_emb": true,
        "tied_weights": false,
        "embedding_dim": 64,
        "transformer_dim": 64,
        "transformer_hidden_dim": 128,
        "head_dim": 32,
        "num_head": 2,
        "num_layers": 4,
        "vocab_size": 512,
        "max_seq_len": 1024,
        "dropout_prob": 0.1,
        "attention_dropout": 0.1,
        "pooling_mode": "MEAN",
        "num_classes": 4,
        "block_size": 32,
        "batch_size": 128,
        "density": 0.08,
        "mixed_precision": true,
        "random_seed": 5,
        "task": "lra-news1"
    },
    {
        "batch_size": 512,
        "learning_rate": 0.0009,
        "warmup": 80,
        "lr_decay": "linear",
        "weight_decay": 0,
        "eval_frequency": 200,
        "num_train_steps": 30000,
        "num_init_steps": 3000,
        "num_eval_steps": 200,
        "num_dense_train_steps": 1000,
        "patience": 10,
        "attn_loss_scale": 0.01
    }
]
attn_mask compile
attn_mask compile
attn_mask compile
attn_mask compile
DataParallel(
  (module): ModelForSC(
    (model): Model(
      (embeddings): Embeddings(
        (word_embeddings): Embedding(512, 64)
        (position_embeddings): Embedding(1024, 64)
        (dropout): Dropout(p=0.1, inplace=False)
      )
      (transformer_0): TransformerLayer(
        (norm1): LayerNorm((64,), eps=1e-05, elementwise_affine=True)
        (mha): Attention(
          (W_q): Linear(in_features=64, out_features=64, bias=True)
          (W_k): Linear(in_features=64, out_features=64, bias=True)
          (W_v): Linear(in_features=64, out_features=64, bias=True)
          (avg_pool): AvgPool2d(kernel_size=32, stride=32, padding=0)
          (MSEloss): MSELoss()
          (attn): CUDAMaskAttention()
          (ff): Linear(in_features=64, out_features=64, bias=True)
        )
        (dropout1): Dropout(p=0.1, inplace=False)
        (norm2): LayerNorm((64,), eps=1e-05, elementwise_affine=True)
        (mlpblock): Sequential(
          (0): Linear(in_features=64, out_features=128, bias=True)
          (1): GELU(approximate='none')
          (2): Dropout(p=0.1, inplace=False)
          (3): Linear(in_features=128, out_features=64, bias=True)
          (4): Dropout(p=0.1, inplace=False)
        )
      )
      (transformer_1): TransformerLayer(
        (norm1): LayerNorm((64,), eps=1e-05, elementwise_affine=True)
        (mha): Attention(
          (W_q): Linear(in_features=64, out_features=64, bias=True)
          (W_k): Linear(in_features=64, out_features=64, bias=True)
          (W_v): Linear(in_features=64, out_features=64, bias=True)
          (avg_pool): AvgPool2d(kernel_size=32, stride=32, padding=0)
          (MSEloss): MSELoss()
          (attn): CUDAMaskAttention()
          (ff): Linear(in_features=64, out_features=64, bias=True)
        )
        (dropout1): Dropout(p=0.1, inplace=False)
        (norm2): LayerNorm((64,), eps=1e-05, elementwise_affine=True)
        (mlpblock): Sequential(
          (0): Linear(in_features=64, out_features=128, bias=True)
          (1): GELU(approximate='none')
          (2): Dropout(p=0.1, inplace=False)
          (3): Linear(in_features=128, out_features=64, bias=True)
          (4): Dropout(p=0.1, inplace=False)
        )
      )
      (transformer_2): TransformerLayer(
        (norm1): LayerNorm((64,), eps=1e-05, elementwise_affine=True)
        (mha): Attention(
          (W_q): Linear(in_features=64, out_features=64, bias=True)
          (W_k): Linear(in_features=64, out_features=64, bias=True)
          (W_v): Linear(in_features=64, out_features=64, bias=True)
          (avg_pool): AvgPool2d(kernel_size=32, stride=32, padding=0)
          (MSEloss): MSELoss()
          (attn): CUDAMaskAttention()
          (ff): Linear(in_features=64, out_features=64, bias=True)
        )
        (dropout1): Dropout(p=0.1, inplace=False)
        (norm2): LayerNorm((64,), eps=1e-05, elementwise_affine=True)
        (mlpblock): Sequential(
          (0): Linear(in_features=64, out_features=128, bias=True)
          (1): GELU(approximate='none')
          (2): Dropout(p=0.1, inplace=False)
          (3): Linear(in_features=128, out_features=64, bias=True)
          (4): Dropout(p=0.1, inplace=False)
        )
      )
      (transformer_3): TransformerLayer(
        (norm1): LayerNorm((64,), eps=1e-05, elementwise_affine=True)
        (mha): Attention(
          (W_q): Linear(in_features=64, out_features=64, bias=True)
          (W_k): Linear(in_features=64, out_features=64, bias=True)
          (W_v): Linear(in_features=64, out_features=64, bias=True)
          (avg_pool): AvgPool2d(kernel_size=32, stride=32, padding=0)
          (MSEloss): MSELoss()
          (attn): CUDAMaskAttention()
          (ff): Linear(in_features=64, out_features=64, bias=True)
        )
        (dropout1): Dropout(p=0.1, inplace=False)
        (norm2): LayerNorm((64,), eps=1e-05, elementwise_affine=True)
        (mlpblock): Sequential(
          (0): Linear(in_features=64, out_features=128, bias=True)
          (1): GELU(approximate='none')
          (2): Dropout(p=0.1, inplace=False)
          (3): Linear(in_features=128, out_features=64, bias=True)
          (4): Dropout(p=0.1, inplace=False)
        )
      )
      (norm): LayerNorm((64,), eps=1e-05, elementwise_affine=True)
    )
    (seq_classifer): SCHead(
      (mlpblock): Sequential(
        (0): Linear(in_features=64, out_features=128, bias=True)
        (1): ReLU()
        (2): Linear(in_features=128, out_features=4, bias=True)
      )
    )
  )
)
parameter_size: [torch.Size([512, 64]), torch.Size([1024, 64]), torch.Size([64]), torch.Size([64]), torch.Size([32, 32]), torch.Size([64, 64]), torch.Size([64]), torch.Size([64, 64]), torch.Size([64]), torch.Size([64, 64]), torch.Size([64]), torch.Size([64, 64]), torch.Size([64]), torch.Size([64]), torch.Size([64]), torch.Size([128, 64]), torch.Size([128]), torch.Size([64, 128]), torch.Size([64]), torch.Size([64]), torch.Size([64]), torch.Size([32, 32]), torch.Size([64, 64]), torch.Size([64]), torch.Size([64, 64]), torch.Size([64]), torch.Size([64, 64]), torch.Size([64]), torch.Size([64, 64]), torch.Size([64]), torch.Size([64]), torch.Size([64]), torch.Size([128, 64]), torch.Size([128]), torch.Size([64, 128]), torch.Size([64]), torch.Size([64]), torch.Size([64]), torch.Size([32, 32]), torch.Size([64, 64]), torch.Size([64]), torch.Size([64, 64]), torch.Size([64]), torch.Size([64, 64]), torch.Size([64]), torch.Size([64, 64]), torch.Size([64]), torch.Size([64]), torch.Size([64]), torch.Size([128, 64]), torch.Size([128]), torch.Size([64, 128]), torch.Size([64]), torch.Size([64]), torch.Size([64]), torch.Size([32, 32]), torch.Size([64, 64]), torch.Size([64]), torch.Size([64, 64]), torch.Size([64]), torch.Size([64, 64]), torch.Size([64]), torch.Size([64, 64]), torch.Size([64]), torch.Size([64]), torch.Size([64]), torch.Size([128, 64]), torch.Size([128]), torch.Size([64, 128]), torch.Size([64]), torch.Size([64]), torch.Size([64]), torch.Size([128, 64]), torch.Size([128]), torch.Size([4, 128]), torch.Size([4])]
num_parameter: 245252
Loaded ../Skyformer/data/lra_processed/lra-news1.train.pickle... size=120000
Loaded ../Skyformer/data/lra_processed/lra-news1.dev.pickle... size=7600
Loaded ../Skyformer/data/lra_processed/lra-news1.test.pickle... size=7600
accumu_steps=1
[tensor([27.0930, 27.0930, 27.0930, 27.0930], device='cuda:0',
       grad_fn=<GatherBackward>), tensor([20.3646, 20.3646, 20.3646, 20.3646], device='cuda:0',
       grad_fn=<GatherBackward>), tensor([23.8453, 23.8453, 23.8453, 23.8453], device='cuda:0',
       grad_fn=<GatherBackward>), tensor([26.8847, 26.8847, 26.8847, 26.8847], device='cuda:0',
       grad_fn=<GatherBackward>)]
best model saved: step =  199 dev accu =  tensor(0.6022, device='cuda:0')

Validation Results
Global Steps: 199
Valid Loss: 0.98451
Valid Accuracy: 0.60221
time stamp: 159.59943342208862
[tensor([10.2680, 10.2680, 10.2680, 10.2680], device='cuda:0',
       grad_fn=<GatherBackward>), tensor([7.4540, 7.4540, 7.4540, 7.4540], device='cuda:0',
       grad_fn=<GatherBackward>), tensor([8.8949, 8.8949, 8.8949, 8.8949], device='cuda:0',
       grad_fn=<GatherBackward>), tensor([10.1190, 10.1190, 10.1190, 10.1190], device='cuda:0',
       grad_fn=<GatherBackward>)]
best model saved: step =  399 dev accu =  tensor(0.6084, device='cuda:0')

Validation Results
Global Steps: 399
Valid Loss: 0.94991
Valid Accuracy: 0.60837
time stamp: 316.6957154273987
[tensor([4.8082, 4.8082, 4.8082, 4.8082], device='cuda:0',
       grad_fn=<GatherBackward>), tensor([3.4493, 3.4492, 3.4492, 3.4492], device='cuda:0',
       grad_fn=<GatherBackward>), tensor([4.1320, 4.1320, 4.1320, 4.1320], device='cuda:0',
       grad_fn=<GatherBackward>), tensor([4.6950, 4.6950, 4.6950, 4.6950], device='cuda:0',
       grad_fn=<GatherBackward>)]
best model saved: step =  599 dev accu =  tensor(0.6281, device='cuda:0')

Validation Results
Global Steps: 599
Valid Loss: 0.91531
Valid Accuracy: 0.62809
time stamp: 474.08082842826843
[tensor([2.6328, 2.6328, 2.6328, 2.6328], device='cuda:0',
       grad_fn=<GatherBackward>), tensor([1.8928, 1.8928, 1.8928, 1.8928], device='cuda:0',
       grad_fn=<GatherBackward>), tensor([2.2534, 2.2534, 2.2534, 2.2534], device='cuda:0',
       grad_fn=<GatherBackward>), tensor([2.5424, 2.5424, 2.5424, 2.5424], device='cuda:0',
       grad_fn=<GatherBackward>)]
best model saved: step =  799 dev accu =  tensor(0.6326, device='cuda:0')

Validation Results
Global Steps: 799
Valid Loss: 0.90246
Valid Accuracy: 0.63260
time stamp: 631.7515666484833
[tensor([1.6211, 1.6211, 1.6211, 1.6211], device='cuda:0',
       grad_fn=<GatherBackward>), tensor([1.1767, 1.1767, 1.1767, 1.1767], device='cuda:0',
       grad_fn=<GatherBackward>), tensor([1.3843, 1.3843, 1.3843, 1.3843], device='cuda:0',
       grad_fn=<GatherBackward>), tensor([1.5468, 1.5468, 1.5468, 1.5468], device='cuda:0',
       grad_fn=<GatherBackward>)]
best model saved: step =  999 dev accu =  tensor(0.6422, device='cuda:0')

Validation Results
Global Steps: 999
Valid Loss: 0.88864
Valid Accuracy: 0.64221
time stamp: 790.6077449321747
module.model.transformer_0.mha.pattern saved
module.model.transformer_1.mha.pattern saved
module.model.transformer_2.mha.pattern saved
module.model.transformer_3.mha.pattern saved
./pickle/lra-news1/module.model.transformer_0.mha.pattern.pickle
tensor([ 990,  792, 1023,  528,    0,  759,  858,   99,  363,  561,  891,  660,
         957,  165,  594,  330,  132,   33,  396,  297,  627,  429,  495,  693,
         825,  231,   66,  726,  198,  462,  264,  924,  767, 1015,  529,  560,
         991, 1022,  312,  777,   11,  352,  542,  976,  415, 1004,  543, 1008,
         893,  955,  169,  293,  793,  824,  122,  835,  407,  748,  111,  483,
         862,  986,  112,  515,  120,  771,  538,  848,  383, 1003,   75,  354,
           3,   96,  331,  362,  146,  580,  894,  987,  404], device='cuda:0')
tensor(81, device='cuda:0')
block_attn_mask compile
./pickle/lra-news1/module.model.transformer_1.mha.pattern.pickle
tensor([  66,  759,  528,  363,  726,  858,  396,  297,  264,  132,  825,  231,
         891,  660,    0,  561,  330,  462,  495,  627,   99,  693, 1023,  429,
         594,  792,  990,  957,  198,  924,   33,  165,   76,  386,   71,  226,
          67,   98,  302,  457,  311,  745,  507,  879,  343,  746,  332,  394,
         313,  809,  137,  292,  442,  845,   84,  642,  532,  656,  795,  888,
         729,  822,  240,  519,  663,  756,  249,  807,   74,  322,   94,  962,
         305,  553,  314,  841,  794,  856,  537,  816,  247], device='cuda:0')
tensor(81, device='cuda:0')
block_attn_mask compile
./pickle/lra-news1/module.model.transformer_2.mha.pattern.pickle
tensor([  66,  528,  198,  825,  264,  561,  297,  759,  231,  363,    0,  594,
         462,  330,  627,  858,  660,  924,  990,  726,  693,  792,   33,  495,
        1023,  132,  891,   99,  165,  396,  200,  262,  957,   70,  194,   17,
         544,  429,  270,  456,  232,  263,   72,  258,  199,  230,  279,  744,
         377,  811,  206,  454,   80,  514,  215,  742,  348,  906,  275,  616,
         272,  520,  465,  558,  531,  624,  168,  261,  570,  849,  536,  784,
         166,  197,   86,  706,  466,  590,  277,  680,   26], device='cuda:0')
tensor(81, device='cuda:0')
block_attn_mask compile
./pickle/lra-news1/module.model.transformer_3.mha.pattern.pickle
tensor([   0,  660,  825,  363,  198,  792,  429,  627,   99,  924,  462,  528,
         231,   66,   33,  396,  330,  891,  264,  759,  594,  990,  957,  693,
         165,  132, 1023,  297,   89,  802,  561,  726,  217,  806,  495,   12,
         384,  858,  668,  916,  472,  782,  109,  419,  205,  422,  203,  358,
         409,  812,   78,  450,  206,  454,  281,  808,  241,  551,   70,  194,
         414,  972,   39,  225,  473,  814,   75,  354,  308,  649,  731,  886,
         830,  985,  155,  868,  435,  621,   18,  576,  404], device='cuda:0')
tensor(81, device='cuda:0')
block_attn_mask compile
total pattern searching time (s): 0.09471344947814941
[]

Validation Results
Global Steps: 1199
Valid Loss: 0.91330
Valid Accuracy: 0.62984
time stamp: 831.5287203788757
[]

Validation Results
Global Steps: 1399
Valid Loss: 0.89637
Valid Accuracy: 0.64165
time stamp: 872.2347149848938
[]
best model saved: step =  1599 dev accu =  tensor(0.6492, device='cuda:0')

Validation Results
Global Steps: 1599
Valid Loss: 0.87561
Valid Accuracy: 0.64916
time stamp: 912.6936211585999
[]
best model saved: step =  1799 dev accu =  tensor(0.6520, device='cuda:0')

Validation Results
Global Steps: 1799
Valid Loss: 0.86579
Valid Accuracy: 0.65197
time stamp: 953.4618046283722
[]
best model saved: step =  1999 dev accu =  tensor(0.6543, device='cuda:0')

Validation Results
Global Steps: 1999
Valid Loss: 0.85846
Valid Accuracy: 0.65430
time stamp: 994.0511562824249
[]

Validation Results
Global Steps: 2199
Valid Loss: 0.86267
Valid Accuracy: 0.65355
time stamp: 1034.1123251914978
[]
best model saved: step =  2399 dev accu =  tensor(0.6649, device='cuda:0')

Validation Results
Global Steps: 2399
Valid Loss: 0.83924
Valid Accuracy: 0.66487
time stamp: 1074.886061668396
[]
best model saved: step =  2599 dev accu =  tensor(0.6734, device='cuda:0')

Validation Results
Global Steps: 2599
Valid Loss: 0.82385
Valid Accuracy: 0.67340
time stamp: 1115.5136399269104
[]

Validation Results
Global Steps: 2799
Valid Loss: 0.83492
Valid Accuracy: 0.67111
time stamp: 1155.9772918224335
[]

Validation Results
Global Steps: 2999
Valid Loss: 0.82772
Valid Accuracy: 0.67230
time stamp: 1197.001648426056
[]
best model saved: step =  3199 dev accu =  tensor(0.6787, device='cuda:0')

Validation Results
Global Steps: 3199
Valid Loss: 0.81421
Valid Accuracy: 0.67867
time stamp: 1237.704964876175
[]
best model saved: step =  3399 dev accu =  tensor(0.6817, device='cuda:0')

Validation Results
Global Steps: 3399
Valid Loss: 0.81470
Valid Accuracy: 0.68175
time stamp: 1278.27534365654
[]
best model saved: step =  3599 dev accu =  tensor(0.6838, device='cuda:0')

Validation Results
Global Steps: 3599
Valid Loss: 0.81107
Valid Accuracy: 0.68384
time stamp: 1319.0340368747711
[]

Validation Results
Global Steps: 3799
Valid Loss: 0.81384
Valid Accuracy: 0.68002
time stamp: 1359.590228319168
[]
best model saved: step =  3999 dev accu =  tensor(0.6849, device='cuda:0')

Validation Results
Global Steps: 3999
Valid Loss: 0.79865
Valid Accuracy: 0.68493
time stamp: 1400.3523313999176
[]
best model saved: step =  4199 dev accu =  tensor(0.6924, device='cuda:0')

Validation Results
Global Steps: 4199
Valid Loss: 0.78182
Valid Accuracy: 0.69243
time stamp: 1441.0168504714966
[]
best model saved: step =  4399 dev accu =  tensor(0.6944, device='cuda:0')

Validation Results
Global Steps: 4399
Valid Loss: 0.78324
Valid Accuracy: 0.69440
time stamp: 1481.5625312328339
[]
best model saved: step =  4599 dev accu =  tensor(0.6971, device='cuda:0')

Validation Results
Global Steps: 4599
Valid Loss: 0.78447
Valid Accuracy: 0.69714
time stamp: 1522.2428143024445
[]
best model saved: step =  4799 dev accu =  tensor(0.6993, device='cuda:0')

Validation Results
Global Steps: 4799
Valid Loss: 0.77865
Valid Accuracy: 0.69926
time stamp: 1562.6898486614227
[]

Validation Results
Global Steps: 4999
Valid Loss: 0.80046
Valid Accuracy: 0.68971
time stamp: 1603.2440416812897
[]

Validation Results
Global Steps: 5199
Valid Loss: 0.78128
Valid Accuracy: 0.69631
time stamp: 1643.9285054206848
[]

Validation Results
Global Steps: 5399
Valid Loss: 0.78282
Valid Accuracy: 0.69524
time stamp: 1684.8948249816895
[]
best model saved: step =  5599 dev accu =  tensor(0.7065, device='cuda:0')

Validation Results
Global Steps: 5599
Valid Loss: 0.77216
Valid Accuracy: 0.70650
time stamp: 1725.543866634369
[]
best model saved: step =  5799 dev accu =  tensor(0.7104, device='cuda:0')

Validation Results
Global Steps: 5799
Valid Loss: 0.75599
Valid Accuracy: 0.71039
time stamp: 1766.140963792801
[]

Validation Results
Global Steps: 5999
Valid Loss: 0.77388
Valid Accuracy: 0.70276
time stamp: 1806.7741568088531
[]

Validation Results
Global Steps: 6199
Valid Loss: 0.75409
Valid Accuracy: 0.70911
time stamp: 1847.2092020511627
[]

Validation Results
Global Steps: 6399
Valid Loss: 0.76449
Valid Accuracy: 0.70093
time stamp: 1888.0759000778198
[]

Validation Results
Global Steps: 6599
Valid Loss: 0.75353
Valid Accuracy: 0.70723
time stamp: 1928.6636981964111
[]
best model saved: step =  6799 dev accu =  tensor(0.7113, device='cuda:0')

Validation Results
Global Steps: 6799
Valid Loss: 0.74980
Valid Accuracy: 0.71127
time stamp: 1969.4545431137085
[]
best model saved: step =  6999 dev accu =  tensor(0.7147, device='cuda:0')

Validation Results
Global Steps: 6999
Valid Loss: 0.74567
Valid Accuracy: 0.71466
time stamp: 2010.3827390670776
[]
best model saved: step =  7199 dev accu =  tensor(0.7164, device='cuda:0')

Validation Results
Global Steps: 7199
Valid Loss: 0.74416
Valid Accuracy: 0.71638
time stamp: 2050.920484304428
[]
best model saved: step =  7399 dev accu =  tensor(0.7172, device='cuda:0')

Validation Results
Global Steps: 7399
Valid Loss: 0.73642
Valid Accuracy: 0.71723
time stamp: 2091.514528274536
[]

Validation Results
Global Steps: 7599
Valid Loss: 0.75132
Valid Accuracy: 0.70555
time stamp: 2132.2611298561096
[]

Validation Results
Global Steps: 7799
Valid Loss: 0.75804
Valid Accuracy: 0.70789
time stamp: 2172.875707387924
[]
best model saved: step =  7999 dev accu =  tensor(0.7205, device='cuda:0')

Validation Results
Global Steps: 7999
Valid Loss: 0.73193
Valid Accuracy: 0.72049
time stamp: 2213.9048097133636
[]
best model saved: step =  8199 dev accu =  tensor(0.7221, device='cuda:0')

Validation Results
Global Steps: 8199
Valid Loss: 0.72127
Valid Accuracy: 0.72207
time stamp: 2254.538967370987
[]
best model saved: step =  8399 dev accu =  tensor(0.7257, device='cuda:0')

Validation Results
Global Steps: 8399
Valid Loss: 0.72168
Valid Accuracy: 0.72573
time stamp: 2295.5600130558014
[]
best model saved: step =  8599 dev accu =  tensor(0.7284, device='cuda:0')

Validation Results
Global Steps: 8599
Valid Loss: 0.71000
Valid Accuracy: 0.72845
time stamp: 2336.165125131607
[]
best model saved: step =  8799 dev accu =  tensor(0.7286, device='cuda:0')

Validation Results
Global Steps: 8799
Valid Loss: 0.71405
Valid Accuracy: 0.72863
time stamp: 2376.9708070755005
[]

Validation Results
Global Steps: 8999
Valid Loss: 0.72578
Valid Accuracy: 0.72587
time stamp: 2417.7121498584747
[]

Validation Results
Global Steps: 9199
Valid Loss: 0.71919
Valid Accuracy: 0.72032
time stamp: 2458.4650468826294
[]
best model saved: step =  9399 dev accu =  tensor(0.7331, device='cuda:0')

Validation Results
Global Steps: 9399
Valid Loss: 0.70257
Valid Accuracy: 0.73307
time stamp: 2499.087762594223
[]

Validation Results
Global Steps: 9599
Valid Loss: 0.71382
Valid Accuracy: 0.73065
time stamp: 2539.7152721881866
[]
best model saved: step =  9799 dev accu =  tensor(0.7352, device='cuda:0')

Validation Results
Global Steps: 9799
Valid Loss: 0.69430
Valid Accuracy: 0.73522
time stamp: 2580.537594795227
[]
best model saved: step =  9999 dev accu =  tensor(0.7431, device='cuda:0')

Validation Results
Global Steps: 9999
Valid Loss: 0.67755
Valid Accuracy: 0.74307
time stamp: 2621.3311915397644
[]

Validation Results
Global Steps: 10199
Valid Loss: 0.69118
Valid Accuracy: 0.73762
time stamp: 2662.2213201522827
[]

Validation Results
Global Steps: 10399
Valid Loss: 0.69670
Valid Accuracy: 0.73973
time stamp: 2703.1316468715668
[]
best model saved: step =  10599 dev accu =  tensor(0.7471, device='cuda:0')

Validation Results
Global Steps: 10599
Valid Loss: 0.67461
Valid Accuracy: 0.74712
time stamp: 2743.7562680244446
[]

Validation Results
Global Steps: 10799
Valid Loss: 0.67840
Valid Accuracy: 0.74489
time stamp: 2784.185625076294
[]
best model saved: step =  10999 dev accu =  tensor(0.7478, device='cuda:0')

Validation Results
Global Steps: 10999
Valid Loss: 0.67176
Valid Accuracy: 0.74778
time stamp: 2824.9322469234467
[]
best model saved: step =  11199 dev accu =  tensor(0.7498, device='cuda:0')

Validation Results
Global Steps: 11199
Valid Loss: 0.67185
Valid Accuracy: 0.74979
time stamp: 2865.729467153549
[]
best model saved: step =  11399 dev accu =  tensor(0.7555, device='cuda:0')

Validation Results
Global Steps: 11399
Valid Loss: 0.67189
Valid Accuracy: 0.75551
time stamp: 2906.3946011066437
[]

Validation Results
Global Steps: 11599
Valid Loss: 0.66858
Valid Accuracy: 0.75204
time stamp: 2946.995171070099
[]

Validation Results
Global Steps: 11799
Valid Loss: 0.67131
Valid Accuracy: 0.74646
time stamp: 2987.7146084308624
[]
best model saved: step =  11999 dev accu =  tensor(0.7600, device='cuda:0')

Validation Results
Global Steps: 11999
Valid Loss: 0.66381
Valid Accuracy: 0.76001
time stamp: 3028.5890879631042
[]

Validation Results
Global Steps: 12199
Valid Loss: 0.65039
Valid Accuracy: 0.75989
time stamp: 3069.3019552230835
[]

Validation Results
Global Steps: 12399
Valid Loss: 0.65575
Valid Accuracy: 0.75822
time stamp: 3109.82976603508
[]

Validation Results
Global Steps: 12599
Valid Loss: 0.64241
Valid Accuracy: 0.75840
time stamp: 3150.5633878707886
[]
best model saved: step =  12799 dev accu =  tensor(0.7610, device='cuda:0')

Validation Results
Global Steps: 12799
Valid Loss: 0.65100
Valid Accuracy: 0.76096
time stamp: 3191.2253308296204
[]
best model saved: step =  12999 dev accu =  tensor(0.7657, device='cuda:0')

Validation Results
Global Steps: 12999
Valid Loss: 0.63680
Valid Accuracy: 0.76572
time stamp: 3231.693857908249
[]

Validation Results
Global Steps: 13199
Valid Loss: 0.64032
Valid Accuracy: 0.75993
time stamp: 3272.7752497196198
[]
best model saved: step =  13399 dev accu =  tensor(0.7665, device='cuda:0')

Validation Results
Global Steps: 13399
Valid Loss: 0.63165
Valid Accuracy: 0.76653
time stamp: 3313.37335395813
[]

Validation Results
Global Steps: 13599
Valid Loss: 0.62955
Valid Accuracy: 0.76645
time stamp: 3354.3161251544952
[]
best model saved: step =  13799 dev accu =  tensor(0.7759, device='cuda:0')

Validation Results
Global Steps: 13799
Valid Loss: 0.61370
Valid Accuracy: 0.77590
time stamp: 3395.212146759033
[]

Validation Results
Global Steps: 13999
Valid Loss: 0.62925
Valid Accuracy: 0.76798
time stamp: 3436.3103346824646
[]
best model saved: step =  14199 dev accu =  tensor(0.7761, device='cuda:0')

Validation Results
Global Steps: 14199
Valid Loss: 0.61293
Valid Accuracy: 0.77611
time stamp: 3476.907924890518
[]

Validation Results
Global Steps: 14399
Valid Loss: 0.61588
Valid Accuracy: 0.77187
time stamp: 3518.015549182892
[]
best model saved: step =  14599 dev accu =  tensor(0.7793, device='cuda:0')

Validation Results
Global Steps: 14599
Valid Loss: 0.61285
Valid Accuracy: 0.77929
time stamp: 3558.898427248001
[]
best model saved: step =  14799 dev accu =  tensor(0.7795, device='cuda:0')

Validation Results
Global Steps: 14799
Valid Loss: 0.61388
Valid Accuracy: 0.77948
time stamp: 3599.2700021266937
[]
best model saved: step =  14999 dev accu =  tensor(0.7837, device='cuda:0')

Validation Results
Global Steps: 14999
Valid Loss: 0.59346
Valid Accuracy: 0.78374
time stamp: 3639.795998811722
[]
best model saved: step =  15199 dev accu =  tensor(0.7887, device='cuda:0')

Validation Results
Global Steps: 15199
Valid Loss: 0.58286
Valid Accuracy: 0.78865
time stamp: 3680.286998987198
[]

Validation Results
Global Steps: 15399
Valid Loss: 0.59603
Valid Accuracy: 0.78405
time stamp: 3720.8694653511047
[]
best model saved: step =  15599 dev accu =  tensor(0.7906, device='cuda:0')

Validation Results
Global Steps: 15599
Valid Loss: 0.59891
Valid Accuracy: 0.79063
time stamp: 3761.889313220978
[]

Validation Results
Global Steps: 15799
Valid Loss: 0.57826
Valid Accuracy: 0.78940
time stamp: 3802.8347220420837
[]

Validation Results
Global Steps: 15999
Valid Loss: 0.60998
Valid Accuracy: 0.77766
time stamp: 3843.7464632987976
[]
best model saved: step =  16199 dev accu =  tensor(0.7943, device='cuda:0')

Validation Results
Global Steps: 16199
Valid Loss: 0.58433
Valid Accuracy: 0.79432
time stamp: 3884.5686106681824
[]

Validation Results
Global Steps: 16399
Valid Loss: 0.57434
Valid Accuracy: 0.79167
time stamp: 3925.3084440231323
[]
best model saved: step =  16599 dev accu =  tensor(0.7973, device='cuda:0')

Validation Results
Global Steps: 16599
Valid Loss: 0.56763
Valid Accuracy: 0.79733
time stamp: 3965.9293138980865
[]
best model saved: step =  16799 dev accu =  tensor(0.7975, device='cuda:0')

Validation Results
Global Steps: 16799
Valid Loss: 0.56355
Valid Accuracy: 0.79748
time stamp: 4007.097822189331
[]
best model saved: step =  16999 dev accu =  tensor(0.7988, device='cuda:0')

Validation Results
Global Steps: 16999
Valid Loss: 0.56362
Valid Accuracy: 0.79883
time stamp: 4047.884247303009
[]
best model saved: step =  17199 dev accu =  tensor(0.8015, device='cuda:0')

Validation Results
Global Steps: 17199
Valid Loss: 0.55129
Valid Accuracy: 0.80154
time stamp: 4088.710401535034
[]
best model saved: step =  17399 dev accu =  tensor(0.8028, device='cuda:0')

Validation Results
Global Steps: 17399
Valid Loss: 0.55230
Valid Accuracy: 0.80275
time stamp: 4129.55131483078
[]

Validation Results
Global Steps: 17599
Valid Loss: 0.55883
Valid Accuracy: 0.80247
time stamp: 4170.022578001022
[]
best model saved: step =  17799 dev accu =  tensor(0.8045, device='cuda:0')

Validation Results
Global Steps: 17799
Valid Loss: 0.55315
Valid Accuracy: 0.80446
time stamp: 4210.505819559097
[]

Validation Results
Global Steps: 17999
Valid Loss: 0.55379
Valid Accuracy: 0.79914
time stamp: 4251.430678606033
[]
best model saved: step =  18199 dev accu =  tensor(0.8068, device='cuda:0')

Validation Results
Global Steps: 18199
Valid Loss: 0.53976
Valid Accuracy: 0.80678
time stamp: 4292.159880876541
[]
best model saved: step =  18399 dev accu =  tensor(0.8104, device='cuda:0')

Validation Results
Global Steps: 18399
Valid Loss: 0.52940
Valid Accuracy: 0.81040
time stamp: 4333.199666976929
[]

Validation Results
Global Steps: 18599
Valid Loss: 0.53754
Valid Accuracy: 0.80738
time stamp: 4373.853783130646
[]
best model saved: step =  18799 dev accu =  tensor(0.8150, device='cuda:0')

Validation Results
Global Steps: 18799
Valid Loss: 0.53581
Valid Accuracy: 0.81502
time stamp: 4414.276200294495
[]

Validation Results
Global Steps: 18999
Valid Loss: 0.52667
Valid Accuracy: 0.81472
time stamp: 4455.126698255539
[]

Validation Results
Global Steps: 19199
Valid Loss: 0.52808
Valid Accuracy: 0.80876
time stamp: 4496.087123632431
[]
best model saved: step =  19399 dev accu =  tensor(0.8166, device='cuda:0')

Validation Results
Global Steps: 19399
Valid Loss: 0.50813
Valid Accuracy: 0.81660
time stamp: 4536.7863919734955
[]

Validation Results
Global Steps: 19599
Valid Loss: 0.52231
Valid Accuracy: 0.81423
time stamp: 4577.497759580612
[]

Validation Results
Global Steps: 19799
Valid Loss: 0.52601
Valid Accuracy: 0.81594
time stamp: 4618.475754261017
[]
best model saved: step =  19999 dev accu =  tensor(0.8222, device='cuda:0')

Validation Results
Global Steps: 19999
Valid Loss: 0.51366
Valid Accuracy: 0.82217
time stamp: 4659.322907209396
[]

Validation Results
Global Steps: 20199
Valid Loss: 0.51695
Valid Accuracy: 0.81922
time stamp: 4700.1009702682495
[]

Validation Results
Global Steps: 20399
Valid Loss: 0.50115
Valid Accuracy: 0.82140
time stamp: 4741.070978403091
[]

Validation Results
Global Steps: 20599
Valid Loss: 0.51101
Valid Accuracy: 0.82127
time stamp: 4781.705132961273
[]

Validation Results
Global Steps: 20799
Valid Loss: 0.50961
Valid Accuracy: 0.82078
time stamp: 4822.669542789459
[]
best model saved: step =  20999 dev accu =  tensor(0.8243, device='cuda:0')

Validation Results
Global Steps: 20999
Valid Loss: 0.48697
Valid Accuracy: 0.82434
time stamp: 4863.208729982376
[]

Validation Results
Global Steps: 21199
Valid Loss: 0.51475
Valid Accuracy: 0.82331
time stamp: 4903.686823129654
[]

Validation Results
Global Steps: 21399
Valid Loss: 0.50780
Valid Accuracy: 0.82204
time stamp: 4944.097508192062
[]
best model saved: step =  21599 dev accu =  tensor(0.8243, device='cuda:0')

Validation Results
Global Steps: 21599
Valid Loss: 0.50221
Valid Accuracy: 0.82435
time stamp: 4984.817758560181
[]
best model saved: step =  21799 dev accu =  tensor(0.8304, device='cuda:0')

Validation Results
Global Steps: 21799
Valid Loss: 0.48950
Valid Accuracy: 0.83042
time stamp: 5025.779945135117
[]

Validation Results
Global Steps: 21999
Valid Loss: 0.49346
Valid Accuracy: 0.82463
time stamp: 5066.400102853775
[]
best model saved: step =  22199 dev accu =  tensor(0.8315, device='cuda:0')

Validation Results
Global Steps: 22199
Valid Loss: 0.49192
Valid Accuracy: 0.83152
time stamp: 5107.12478852272
[]
best model saved: step =  22399 dev accu =  tensor(0.8324, device='cuda:0')

Validation Results
Global Steps: 22399
Valid Loss: 0.48795
Valid Accuracy: 0.83242
time stamp: 5148.063784360886
[]

Validation Results
Global Steps: 22599
Valid Loss: 0.49321
Valid Accuracy: 0.82927
time stamp: 5188.8216416835785
[]

Validation Results
Global Steps: 22799
Valid Loss: 0.49201
Valid Accuracy: 0.83014
time stamp: 5229.32600069046
[]
best model saved: step =  22999 dev accu =  tensor(0.8333, device='cuda:0')

Validation Results
Global Steps: 22999
Valid Loss: 0.47869
Valid Accuracy: 0.83328
time stamp: 5270.100243806839
[]
best model saved: step =  23199 dev accu =  tensor(0.8349, device='cuda:0')

Validation Results
Global Steps: 23199
Valid Loss: 0.48263
Valid Accuracy: 0.83489
time stamp: 5310.842017173767
[]

Validation Results
Global Steps: 23399
Valid Loss: 0.47682
Valid Accuracy: 0.83405
time stamp: 5351.688873052597
[]
best model saved: step =  23599 dev accu =  tensor(0.8367, device='cuda:0')

Validation Results
Global Steps: 23599
Valid Loss: 0.47533
Valid Accuracy: 0.83670
time stamp: 5392.461151123047
[]
best model saved: step =  23799 dev accu =  tensor(0.8391, device='cuda:0')

Validation Results
Global Steps: 23799
Valid Loss: 0.47316
Valid Accuracy: 0.83911
time stamp: 5433.4173130989075
[]

Validation Results
Global Steps: 23999
Valid Loss: 0.47369
Valid Accuracy: 0.83733
time stamp: 5474.467733860016
[]

Validation Results
Global Steps: 24199
Valid Loss: 0.47249
Valid Accuracy: 0.83888
time stamp: 5515.776394128799
[]

Validation Results
Global Steps: 24399
Valid Loss: 0.47096
Valid Accuracy: 0.83771
time stamp: 5556.427731752396
[]
best model saved: step =  24599 dev accu =  tensor(0.8398, device='cuda:0')

Validation Results
Global Steps: 24599
Valid Loss: 0.46865
Valid Accuracy: 0.83983
time stamp: 5597.642579078674
[]

Validation Results
Global Steps: 24799
Valid Loss: 0.47070
Valid Accuracy: 0.83873
time stamp: 5638.791674613953
[]
best model saved: step =  24999 dev accu =  tensor(0.8473, device='cuda:0')

Validation Results
Global Steps: 24999
Valid Loss: 0.45167
Valid Accuracy: 0.84730
time stamp: 5679.4509818553925
[]

Validation Results
Global Steps: 25199
Valid Loss: 0.46765
Valid Accuracy: 0.84176
time stamp: 5720.27990603447
[]

Validation Results
Global Steps: 25399
Valid Loss: 0.46329
Valid Accuracy: 0.84641
time stamp: 5760.921530485153
[]

Validation Results
Global Steps: 25599
Valid Loss: 0.45266
Valid Accuracy: 0.84252
time stamp: 5801.895826816559
[]
best model saved: step =  25799 dev accu =  tensor(0.8478, device='cuda:0')

Validation Results
Global Steps: 25799
Valid Loss: 0.45231
Valid Accuracy: 0.84783
time stamp: 5842.773592710495
[]

Validation Results
Global Steps: 25999
Valid Loss: 0.44250
Valid Accuracy: 0.84544
time stamp: 5883.626495361328
[]

Validation Results
Global Steps: 26199
Valid Loss: 0.45304
Valid Accuracy: 0.84572
time stamp: 5924.309467792511
[]

Validation Results
Global Steps: 26399
Valid Loss: 0.44069
Valid Accuracy: 0.84654
time stamp: 5965.354415178299
[]

Validation Results
Global Steps: 26599
Valid Loss: 0.46097
Valid Accuracy: 0.84451
time stamp: 6006.156672716141
[]

Validation Results
Global Steps: 26799
Valid Loss: 0.44165
Valid Accuracy: 0.84751
time stamp: 6047.358342409134
[]

Validation Results
Global Steps: 26999
Valid Loss: 0.46231
Valid Accuracy: 0.84531
time stamp: 6088.146973848343
[]
best model saved: step =  27199 dev accu =  tensor(0.8498, device='cuda:0')

Validation Results
Global Steps: 27199
Valid Loss: 0.44645
Valid Accuracy: 0.84978
time stamp: 6129.302025079727
[]

Validation Results
Global Steps: 27399
Valid Loss: 0.44608
Valid Accuracy: 0.84915
time stamp: 6170.096668243408
[]

Validation Results
Global Steps: 27599
Valid Loss: 0.43234
Valid Accuracy: 0.84822
time stamp: 6210.970429420471
[]
best model saved: step =  27799 dev accu =  tensor(0.8511, device='cuda:0')

Validation Results
Global Steps: 27799
Valid Loss: 0.43936
Valid Accuracy: 0.85107
time stamp: 6251.635568857193
[]

Validation Results
Global Steps: 27999
Valid Loss: 0.46384
Valid Accuracy: 0.84354
time stamp: 6292.517705440521
[]

Validation Results
Global Steps: 28199
Valid Loss: 0.43377
Valid Accuracy: 0.84964
time stamp: 6333.394992113113
[]
best model saved: step =  28399 dev accu =  tensor(0.8545, device='cuda:0')

Validation Results
Global Steps: 28399
Valid Loss: 0.44162
Valid Accuracy: 0.85446
time stamp: 6374.429810762405
[]

Validation Results
Global Steps: 28599
Valid Loss: 0.45212
Valid Accuracy: 0.84746
time stamp: 6415.601477384567
[]

Validation Results
Global Steps: 28799
Valid Loss: 0.43751
Valid Accuracy: 0.85100
time stamp: 6456.624299526215
[]

Validation Results
Global Steps: 28999
Valid Loss: 0.44481
Valid Accuracy: 0.85135
time stamp: 6497.818255662918
[]

Validation Results
Global Steps: 29199
Valid Loss: 0.43411
Valid Accuracy: 0.85372
time stamp: 6538.825475215912
[]

Validation Results
Global Steps: 29399
Valid Loss: 0.43313
Valid Accuracy: 0.85365
time stamp: 6579.594018936157
[]
best model saved: step =  29599 dev accu =  tensor(0.8546, device='cuda:0')

Validation Results
Global Steps: 29599
Valid Loss: 0.43853
Valid Accuracy: 0.85462
time stamp: 6620.336830854416
[]

Validation Results
Global Steps: 29799
Valid Loss: 0.42950
Valid Accuracy: 0.85345
time stamp: 6661.273629188538
[]

Validation Results
Global Steps: 29999
Valid Loss: 0.42654
Valid Accuracy: 0.85434
time stamp: 6701.8619520664215
total training step (k): 30.0
total training time (s): 6701.862518072128
total training time (ms): 1677744.4970703125
peak memory usage (MB): 12858
allocated memory usage (MB): 434164178
|===========================================================================|
|                  PyTorch CUDA memory summary, device ID 0                 |
|---------------------------------------------------------------------------|
|            CUDA OOMs: 0            |        cudaMalloc retries: 0         |
|===========================================================================|
|        Metric         | Cur Usage  | Peak Usage | Tot Alloc  | Tot Freed  |
|---------------------------------------------------------------------------|
| Allocated memory      |   12031 KB |   12858 MB |  423988 GB |  423988 GB |
|       from large pool |    6144 KB |   12846 MB |  420596 GB |  420596 GB |
|       from small pool |    5887 KB |      27 MB |    3391 GB |    3391 GB |
|---------------------------------------------------------------------------|
| Active memory         |   12031 KB |   12858 MB |  423988 GB |  423988 GB |
|       from large pool |    6144 KB |   12846 MB |  420596 GB |  420596 GB |
|       from small pool |    5887 KB |      27 MB |    3391 GB |    3391 GB |
|---------------------------------------------------------------------------|
| GPU reserved memory   |   13776 MB |   13776 MB |   13776 MB |       0 B  |
|       from large pool |   13748 MB |   13748 MB |   13748 MB |       0 B  |
|       from small pool |      28 MB |      28 MB |      28 MB |       0 B  |
|---------------------------------------------------------------------------|
| Non-releasable memory |   12545 KB |    2073 MB |  467893 GB |  467893 GB |
|       from large pool |   10240 KB |    2070 MB |  464351 GB |  464351 GB |
|       from small pool |    2305 KB |       6 MB |    3541 GB |    3541 GB |
|---------------------------------------------------------------------------|
| Allocations           |     398    |     670    |   35719 K  |   35718 K  |
|       from large pool |       2    |      93    |   13732 K  |   13731 K  |
|       from small pool |     396    |     659    |   21987 K  |   21986 K  |
|---------------------------------------------------------------------------|
| Active allocs         |     398    |     670    |   35719 K  |   35718 K  |
|       from large pool |       2    |      93    |   13732 K  |   13731 K  |
|       from small pool |     396    |     659    |   21987 K  |   21986 K  |
|---------------------------------------------------------------------------|
| GPU reserved segments |      42    |      42    |      42    |       0    |
|       from large pool |      28    |      28    |      28    |       0    |
|       from small pool |      14    |      14    |      14    |       0    |
|---------------------------------------------------------------------------|
| Non-releasable allocs |       8    |      33    |   17001 K  |   17001 K  |
|       from large pool |       1    |      20    |    6206 K  |    6206 K  |
|       from small pool |       7    |      23    |   10794 K  |   10794 K  |
|---------------------------------------------------------------------------|
| Oversize allocations  |       0    |       0    |       0    |       0    |
|---------------------------------------------------------------------------|
| Oversize GPU segments |       0    |       0    |       0    |       0    |
|===========================================================================|

dense memory(MB) : {} 44615131
dense step : {} 999
dense time : {} 770.4839780330658
sparse memory(MB) : {} 433352155
sparse step : {} 29000
sparse_time : {} 1713092381.2459195
loading the best model from: ./checkpoints/checkpoints-5/lra-news1/learnable.model
Evaluation Results
Loss: 0.43963
Accuracy: 0.85519
