GPU list: [0, 1, 2, 3]
[
    {
        "learn_pos_emb": true,
        "tied_weights": false,
        "embedding_dim": 64,
        "transformer_dim": 64,
        "transformer_hidden_dim": 128,
        "head_dim": 32,
        "num_head": 2,
        "num_layers": 2,
        "vocab_size": 512,
        "max_seq_len": 1024,
        "dropout_prob": 0.1,
        "attention_dropout": 0.1,
        "pooling_mode": "MEAN",
        "num_classes": 14,
        "block_size": 32,
        "batch_size": 128,
        "density": 0.04,
        "mixed_precision": true,
        "random_seed": 6,
        "task": "lra-nature"
    },
    {
        "batch_size": 512,
        "learning_rate": 0.003,
        "warmup": 800,
        "lr_decay": "linear",
        "weight_decay": 0,
        "eval_frequency": 500,
        "num_train_steps": 10000,
        "num_init_steps": 3000,
        "num_eval_steps": 300,
        "num_dense_train_steps": 1000,
        "patience": 10,
        "attn_loss_scale": 0.01
    }
]
attn compile
attn compile
DataParallel(
  (module): ModelForSC(
    (model): Model(
      (embeddings): Embeddings(
        (word_embeddings): Embedding(512, 64)
        (position_embeddings): Embedding(1024, 64)
        (dropout): Dropout(p=0.1, inplace=False)
      )
      (transformer_0): TransformerLayer(
        (norm1): LayerNorm((64,), eps=1e-05, elementwise_affine=True)
        (mha): Attention(
          (W_q): Linear(in_features=64, out_features=64, bias=True)
          (W_k): Linear(in_features=64, out_features=64, bias=True)
          (W_v): Linear(in_features=64, out_features=64, bias=True)
          (avg_pool): AvgPool2d(kernel_size=32, stride=32, padding=0)
          (MSEloss): MSELoss()
          (attn): CUDAAttention()
          (ff): Linear(in_features=64, out_features=64, bias=True)
        )
        (dropout1): Dropout(p=0.1, inplace=False)
        (norm2): LayerNorm((64,), eps=1e-05, elementwise_affine=True)
        (mlpblock): Sequential(
          (0): Linear(in_features=64, out_features=128, bias=True)
          (1): GELU(approximate='none')
          (2): Dropout(p=0.1, inplace=False)
          (3): Linear(in_features=128, out_features=64, bias=True)
          (4): Dropout(p=0.1, inplace=False)
        )
      )
      (transformer_1): TransformerLayer(
        (norm1): LayerNorm((64,), eps=1e-05, elementwise_affine=True)
        (mha): Attention(
          (W_q): Linear(in_features=64, out_features=64, bias=True)
          (W_k): Linear(in_features=64, out_features=64, bias=True)
          (W_v): Linear(in_features=64, out_features=64, bias=True)
          (avg_pool): AvgPool2d(kernel_size=32, stride=32, padding=0)
          (MSEloss): MSELoss()
          (attn): CUDAAttention()
          (ff): Linear(in_features=64, out_features=64, bias=True)
        )
        (dropout1): Dropout(p=0.1, inplace=False)
        (norm2): LayerNorm((64,), eps=1e-05, elementwise_affine=True)
        (mlpblock): Sequential(
          (0): Linear(in_features=64, out_features=128, bias=True)
          (1): GELU(approximate='none')
          (2): Dropout(p=0.1, inplace=False)
          (3): Linear(in_features=128, out_features=64, bias=True)
          (4): Dropout(p=0.1, inplace=False)
        )
      )
      (norm): LayerNorm((64,), eps=1e-05, elementwise_affine=True)
    )
    (seq_classifer): SCHead(
      (mlpblock): Sequential(
        (0): Linear(in_features=64, out_features=128, bias=True)
        (1): ReLU()
        (2): Linear(in_features=128, out_features=14, bias=True)
      )
    )
  )
)
parameter_size: [torch.Size([512, 64]), torch.Size([1024, 64]), torch.Size([64]), torch.Size([64]), torch.Size([32, 32]), torch.Size([64, 64]), torch.Size([64]), torch.Size([64, 64]), torch.Size([64]), torch.Size([64, 64]), torch.Size([64]), torch.Size([64, 64]), torch.Size([64]), torch.Size([64]), torch.Size([64]), torch.Size([128, 64]), torch.Size([128]), torch.Size([64, 128]), torch.Size([64]), torch.Size([64]), torch.Size([64]), torch.Size([32, 32]), torch.Size([64, 64]), torch.Size([64]), torch.Size([64, 64]), torch.Size([64]), torch.Size([64, 64]), torch.Size([64]), torch.Size([64, 64]), torch.Size([64]), torch.Size([64]), torch.Size([64]), torch.Size([128, 64]), torch.Size([128]), torch.Size([64, 128]), torch.Size([64]), torch.Size([64]), torch.Size([64]), torch.Size([128, 64]), torch.Size([128]), torch.Size([14, 128]), torch.Size([14])]
num_parameter: 177550
Loaded ../Skyformer/data/lra_processed/lra-nature.train.pickle... size=437513
Loaded ../Skyformer/data/lra_processed/lra-nature.dev.pickle... size=24426
Loaded ../Skyformer/data/lra_processed/lra-nature.test.pickle... size=24426
accumu_steps=1
module.model.transformer_0.mha.pattern saved
module.model.transformer_1.mha.pattern saved
./pickle/lra-nature/module.model.transformer_0.mha.pattern.pickle
tensor([  0, 429, 693, 231, 594, 198, 825, 495, 792, 561, 297,  66, 858, 990,
        569, 817, 957,  24, 768, 199, 230,   4, 128, 132,  13, 416,  21, 672,
        891, 237, 423,  99, 497, 559,  25, 800,   7, 224, 330, 396],
       device='cuda:0')
tensor(40, device='cuda:0')
block_attn compile
./pickle/lra-nature/module.model.transformer_1.mha.pattern.pickle
tensor([ 759,  792,  561,  825,  693, 1023,  396,  891,  462,  594,  198,   66,
         568,  785,  165,  760,  791,  990,  363,  858,  793,  824,  761,  823,
         495,  264,  231,  132,  798,  984,  627,  465,  558,  472,  782,  660,
         429,   88,  770,  957], device='cuda:0')
tensor(40, device='cuda:0')
block_attn compile
total pattern searching time (s): 0.005202054977416992
[]
best model saved: step =  499 dev accu =  tensor(0.3887, device='cuda:0')

Validation Results
Global Steps: 499
Valid Loss: 1.84020
Valid Accuracy: 0.38872
time stamp: 161.48005366325378
[]
best model saved: step =  999 dev accu =  tensor(0.4472, device='cuda:0')

Validation Results
Global Steps: 999
Valid Loss: 1.72024
Valid Accuracy: 0.44720
time stamp: 202.57702708244324
[]
best model saved: step =  1499 dev accu =  tensor(0.4563, device='cuda:0')

Validation Results
Global Steps: 1499
Valid Loss: 1.70660
Valid Accuracy: 0.45629
time stamp: 243.83695340156555
[]

Validation Results
Global Steps: 1999
Valid Loss: 1.70784
Valid Accuracy: 0.44269
time stamp: 285.03975319862366
[]
best model saved: step =  2499 dev accu =  tensor(0.4662, device='cuda:0')

Validation Results
Global Steps: 2499
Valid Loss: 1.66198
Valid Accuracy: 0.46618
time stamp: 326.1967964172363
[]
best model saved: step =  2999 dev accu =  tensor(0.4795, device='cuda:0')

Validation Results
Global Steps: 2999
Valid Loss: 1.62007
Valid Accuracy: 0.47947
time stamp: 367.70528507232666
[]
best model saved: step =  3499 dev accu =  tensor(0.4941, device='cuda:0')

Validation Results
Global Steps: 3499
Valid Loss: 1.59782
Valid Accuracy: 0.49412
time stamp: 409.0129680633545
[]

Validation Results
Global Steps: 3999
Valid Loss: 1.60145
Valid Accuracy: 0.47719
time stamp: 450.297402381897
[]

Validation Results
Global Steps: 4499
Valid Loss: 1.64394
Valid Accuracy: 0.46200
time stamp: 491.74733710289
[]

Validation Results
Global Steps: 4999
Valid Loss: 1.60804
Valid Accuracy: 0.47305
time stamp: 533.0724267959595
[]

Validation Results
Global Steps: 5499
Valid Loss: 1.64542
Valid Accuracy: 0.45249
time stamp: 574.7307503223419
[]
best model saved: step =  5999 dev accu =  tensor(0.5108, device='cuda:0')

Validation Results
Global Steps: 5999
Valid Loss: 1.55421
Valid Accuracy: 0.51084
time stamp: 616.3442347049713
[]

Validation Results
Global Steps: 6499
Valid Loss: 1.59946
Valid Accuracy: 0.48119
time stamp: 657.6668021678925
[]

Validation Results
Global Steps: 6999
Valid Loss: 1.59621
Valid Accuracy: 0.48285
time stamp: 699.3857898712158
[]
best model saved: step =  7499 dev accu =  tensor(0.5162, device='cuda:0')

Validation Results
Global Steps: 7499
Valid Loss: 1.53882
Valid Accuracy: 0.51623
time stamp: 741.0352618694305
[]

Validation Results
Global Steps: 7999
Valid Loss: 1.55164
Valid Accuracy: 0.51331
time stamp: 782.6020307540894
[]

Validation Results
Global Steps: 8499
Valid Loss: 1.54466
Valid Accuracy: 0.50339
time stamp: 823.9690136909485
[]

Validation Results
Global Steps: 8999
Valid Loss: 1.61053
Valid Accuracy: 0.48305
time stamp: 865.6611020565033
[]

Validation Results
Global Steps: 9499
Valid Loss: 1.53826
Valid Accuracy: 0.50421
time stamp: 907.6399464607239
[]

Validation Results
Global Steps: 9999
Valid Loss: 1.61193
Valid Accuracy: 0.47898
time stamp: 948.7867767810822
total training step (k): 10.0
total training time (s): 948.7876088619232
total training time (ms): 174396.5341796875
peak memory usage (MB): 8036
allocated memory usage (MB): 60146765
|===========================================================================|
|                  PyTorch CUDA memory summary, device ID 0                 |
|---------------------------------------------------------------------------|
|            CUDA OOMs: 0            |        cudaMalloc retries: 0         |
|===========================================================================|
|        Metric         | Cur Usage  | Peak Usage | Tot Alloc  | Tot Freed  |
|---------------------------------------------------------------------------|
| Allocated memory      |   10389 KB |    8036 MB |   58737 GB |   58737 GB |
|       from large pool |    6144 KB |    8030 MB |   58247 GB |   58247 GB |
|       from small pool |    4245 KB |      15 MB |     489 GB |     489 GB |
|---------------------------------------------------------------------------|
| Active memory         |   10389 KB |    8036 MB |   58737 GB |   58737 GB |
|       from large pool |    6144 KB |    8030 MB |   58247 GB |   58247 GB |
|       from small pool |    4245 KB |      15 MB |     489 GB |     489 GB |
|---------------------------------------------------------------------------|
| GPU reserved memory   |    8614 MB |    8614 MB |    8614 MB |       0 B  |
|       from large pool |    8596 MB |    8596 MB |    8596 MB |       0 B  |
|       from small pool |      18 MB |      18 MB |      18 MB |       0 B  |
|---------------------------------------------------------------------------|
| Non-releasable memory |   12139 KB |    1109 MB |   52449 GB |   52449 GB |
|       from large pool |   10240 KB |    1106 MB |   51924 GB |   51924 GB |
|       from small pool |    1899 KB |       4 MB |     525 GB |     525 GB |
|---------------------------------------------------------------------------|
| Allocations           |     228    |     574    |    6178 K  |    6178 K  |
|       from large pool |       2    |      49    |    2145 K  |    2145 K  |
|       from small pool |     226    |     565    |    4033 K  |    4033 K  |
|---------------------------------------------------------------------------|
| Active allocs         |     228    |     574    |    6178 K  |    6178 K  |
|       from large pool |       2    |      49    |    2145 K  |    2145 K  |
|       from small pool |     226    |     565    |    4033 K  |    4033 K  |
|---------------------------------------------------------------------------|
| GPU reserved segments |      31    |      31    |      31    |       0    |
|       from large pool |      22    |      22    |      22    |       0    |
|       from small pool |       9    |       9    |       9    |       0    |
|---------------------------------------------------------------------------|
| Non-releasable allocs |       7    |      25    |    2830 K  |    2830 K  |
|       from large pool |       2    |      15    |     868 K  |     868 K  |
|       from small pool |       5    |      18    |    1962 K  |    1962 K  |
|---------------------------------------------------------------------------|
| Oversize allocations  |       0    |       0    |       0    |       0    |
|---------------------------------------------------------------------------|
| Oversize GPU segments |       0    |       0    |       0    |       0    |
|===========================================================================|

loading the best model from: ./checkpoints/checkpoints-6/lra-nature/learnable.model
Evaluation Results
Loss: 1.54071
Accuracy: 0.51538
