GPU list: [0, 1, 2, 3]
[
    {
        "learn_pos_emb": true,
        "tied_weights": false,
        "embedding_dim": 64,
        "transformer_dim": 64,
        "transformer_hidden_dim": 128,
        "head_dim": 32,
        "num_head": 2,
        "num_layers": 4,
        "vocab_size": 512,
        "max_seq_len": 1024,
        "dropout_prob": 0.1,
        "attention_dropout": 0.1,
        "pooling_mode": "MEAN",
        "num_classes": 4,
        "block_size": 32,
        "batch_size": 128,
        "density": 0.08,
        "mixed_precision": true,
        "random_seed": 7,
        "task": "lra-news1"
    },
    {
        "batch_size": 512,
        "learning_rate": 0.0009,
        "warmup": 80,
        "lr_decay": "linear",
        "weight_decay": 0,
        "eval_frequency": 200,
        "num_train_steps": 30000,
        "num_init_steps": 3000,
        "num_eval_steps": 200,
        "num_dense_train_steps": 1000,
        "patience": 10,
        "attn_loss_scale": 0.01
    }
]
attn_mask compile
attn_mask compile
attn_mask compile
attn_mask compile
DataParallel(
  (module): ModelForSC(
    (model): Model(
      (embeddings): Embeddings(
        (word_embeddings): Embedding(512, 64)
        (position_embeddings): Embedding(1024, 64)
        (dropout): Dropout(p=0.1, inplace=False)
      )
      (transformer_0): TransformerLayer(
        (norm1): LayerNorm((64,), eps=1e-05, elementwise_affine=True)
        (mha): Attention(
          (W_q): Linear(in_features=64, out_features=64, bias=True)
          (W_k): Linear(in_features=64, out_features=64, bias=True)
          (W_v): Linear(in_features=64, out_features=64, bias=True)
          (avg_pool): AvgPool2d(kernel_size=32, stride=32, padding=0)
          (MSEloss): MSELoss()
          (attn): CUDAMaskAttention()
          (ff): Linear(in_features=64, out_features=64, bias=True)
        )
        (dropout1): Dropout(p=0.1, inplace=False)
        (norm2): LayerNorm((64,), eps=1e-05, elementwise_affine=True)
        (mlpblock): Sequential(
          (0): Linear(in_features=64, out_features=128, bias=True)
          (1): GELU(approximate='none')
          (2): Dropout(p=0.1, inplace=False)
          (3): Linear(in_features=128, out_features=64, bias=True)
          (4): Dropout(p=0.1, inplace=False)
        )
      )
      (transformer_1): TransformerLayer(
        (norm1): LayerNorm((64,), eps=1e-05, elementwise_affine=True)
        (mha): Attention(
          (W_q): Linear(in_features=64, out_features=64, bias=True)
          (W_k): Linear(in_features=64, out_features=64, bias=True)
          (W_v): Linear(in_features=64, out_features=64, bias=True)
          (avg_pool): AvgPool2d(kernel_size=32, stride=32, padding=0)
          (MSEloss): MSELoss()
          (attn): CUDAMaskAttention()
          (ff): Linear(in_features=64, out_features=64, bias=True)
        )
        (dropout1): Dropout(p=0.1, inplace=False)
        (norm2): LayerNorm((64,), eps=1e-05, elementwise_affine=True)
        (mlpblock): Sequential(
          (0): Linear(in_features=64, out_features=128, bias=True)
          (1): GELU(approximate='none')
          (2): Dropout(p=0.1, inplace=False)
          (3): Linear(in_features=128, out_features=64, bias=True)
          (4): Dropout(p=0.1, inplace=False)
        )
      )
      (transformer_2): TransformerLayer(
        (norm1): LayerNorm((64,), eps=1e-05, elementwise_affine=True)
        (mha): Attention(
          (W_q): Linear(in_features=64, out_features=64, bias=True)
          (W_k): Linear(in_features=64, out_features=64, bias=True)
          (W_v): Linear(in_features=64, out_features=64, bias=True)
          (avg_pool): AvgPool2d(kernel_size=32, stride=32, padding=0)
          (MSEloss): MSELoss()
          (attn): CUDAMaskAttention()
          (ff): Linear(in_features=64, out_features=64, bias=True)
        )
        (dropout1): Dropout(p=0.1, inplace=False)
        (norm2): LayerNorm((64,), eps=1e-05, elementwise_affine=True)
        (mlpblock): Sequential(
          (0): Linear(in_features=64, out_features=128, bias=True)
          (1): GELU(approximate='none')
          (2): Dropout(p=0.1, inplace=False)
          (3): Linear(in_features=128, out_features=64, bias=True)
          (4): Dropout(p=0.1, inplace=False)
        )
      )
      (transformer_3): TransformerLayer(
        (norm1): LayerNorm((64,), eps=1e-05, elementwise_affine=True)
        (mha): Attention(
          (W_q): Linear(in_features=64, out_features=64, bias=True)
          (W_k): Linear(in_features=64, out_features=64, bias=True)
          (W_v): Linear(in_features=64, out_features=64, bias=True)
          (avg_pool): AvgPool2d(kernel_size=32, stride=32, padding=0)
          (MSEloss): MSELoss()
          (attn): CUDAMaskAttention()
          (ff): Linear(in_features=64, out_features=64, bias=True)
        )
        (dropout1): Dropout(p=0.1, inplace=False)
        (norm2): LayerNorm((64,), eps=1e-05, elementwise_affine=True)
        (mlpblock): Sequential(
          (0): Linear(in_features=64, out_features=128, bias=True)
          (1): GELU(approximate='none')
          (2): Dropout(p=0.1, inplace=False)
          (3): Linear(in_features=128, out_features=64, bias=True)
          (4): Dropout(p=0.1, inplace=False)
        )
      )
      (norm): LayerNorm((64,), eps=1e-05, elementwise_affine=True)
    )
    (seq_classifer): SCHead(
      (mlpblock): Sequential(
        (0): Linear(in_features=64, out_features=128, bias=True)
        (1): ReLU()
        (2): Linear(in_features=128, out_features=4, bias=True)
      )
    )
  )
)
parameter_size: [torch.Size([512, 64]), torch.Size([1024, 64]), torch.Size([64]), torch.Size([64]), torch.Size([32, 32]), torch.Size([64, 64]), torch.Size([64]), torch.Size([64, 64]), torch.Size([64]), torch.Size([64, 64]), torch.Size([64]), torch.Size([64, 64]), torch.Size([64]), torch.Size([64]), torch.Size([64]), torch.Size([128, 64]), torch.Size([128]), torch.Size([64, 128]), torch.Size([64]), torch.Size([64]), torch.Size([64]), torch.Size([32, 32]), torch.Size([64, 64]), torch.Size([64]), torch.Size([64, 64]), torch.Size([64]), torch.Size([64, 64]), torch.Size([64]), torch.Size([64, 64]), torch.Size([64]), torch.Size([64]), torch.Size([64]), torch.Size([128, 64]), torch.Size([128]), torch.Size([64, 128]), torch.Size([64]), torch.Size([64]), torch.Size([64]), torch.Size([32, 32]), torch.Size([64, 64]), torch.Size([64]), torch.Size([64, 64]), torch.Size([64]), torch.Size([64, 64]), torch.Size([64]), torch.Size([64, 64]), torch.Size([64]), torch.Size([64]), torch.Size([64]), torch.Size([128, 64]), torch.Size([128]), torch.Size([64, 128]), torch.Size([64]), torch.Size([64]), torch.Size([64]), torch.Size([32, 32]), torch.Size([64, 64]), torch.Size([64]), torch.Size([64, 64]), torch.Size([64]), torch.Size([64, 64]), torch.Size([64]), torch.Size([64, 64]), torch.Size([64]), torch.Size([64]), torch.Size([64]), torch.Size([128, 64]), torch.Size([128]), torch.Size([64, 128]), torch.Size([64]), torch.Size([64]), torch.Size([64]), torch.Size([128, 64]), torch.Size([128]), torch.Size([4, 128]), torch.Size([4])]
num_parameter: 245252
Loaded ../Skyformer/data/lra_processed/lra-news1.train.pickle... size=120000
Loaded ../Skyformer/data/lra_processed/lra-news1.dev.pickle... size=7600
Loaded ../Skyformer/data/lra_processed/lra-news1.test.pickle... size=7600
accumu_steps=1
module.model.transformer_0.mha.pattern saved
module.model.transformer_1.mha.pattern saved
module.model.transformer_2.mha.pattern saved
module.model.transformer_3.mha.pattern saved
./pickle/lra-news1/module.model.transformer_0.mha.pattern.pickle
tensor([ 165,  396,  264,   66,  198,  825,  726,  168,  261,  429,   33,  185,
         805,  924,  132,  759,  627,  173,  421,  693,  182,  709,  268,  392,
         990,  183,  741,  269,  424,  528,  891,  188,  901,  172,  389,   37,
         161,   44,  385, 1023,  363,  200,  262,  176,  517,  278,  712,  184,
         773,   69,  162,  133,  164,  561,  166,  197,  175,  485,  179,  613,
         409,  812,  273,  552,  177,  549,   92,  898,  204,  390,  272,  520,
          70,  194,  441,  813,  401,  556,   57,  801,  180], device='cuda:0')
tensor(81, device='cuda:0')
block_attn_mask compile
./pickle/lra-news1/module.model.transformer_1.mha.pattern.pickle
tensor([396,  33, 957,  66, 792, 825, 594, 759, 413, 940, 330, 264, 858, 132,
         57, 801, 231, 627, 297,  82, 578, 660,   0, 495, 528,  34,  65,  93,
        930, 363, 797, 952,  56, 769,  88, 770, 726, 332, 394,  89, 802, 317,
        937,  61, 929, 599, 754,  76, 386,  84, 642,  58, 833, 253, 935,  87,
        738,  90, 834, 400, 524, 408, 780, 300, 393, 399, 492,  55, 737,  12,
        384,  44, 385, 793, 824, 285, 936,  83, 610, 605, 946],
       device='cuda:0')
tensor(81, device='cuda:0')
block_attn_mask compile
./pickle/lra-news1/module.model.transformer_2.mha.pattern.pickle
tensor([ 990,  561,  198,  792,  165,  330,  726,   33,  528,   62,  961,  574,
         977,  798,  984,  627,  396,  594,  734,  982,  222,  966,  190,  965,
          49,  545, 1023,  132,  858,  209,  550,  350,  970,  568,  785,  177,
         549,  208,  518,  414,  972,  638,  979,  891,  566,  721,  924,  542,
         976,   66,  606,  978,  957,  478,  974,   38,  193,  825,  572,  913,
         318,  969,  217,  806,  991, 1022,   56,  769,  462,  138,  324,  332,
         394,  182,  709,  134,  196,  693,  216,  774,   94], device='cuda:0')
tensor(81, device='cuda:0')
block_attn_mask compile
./pickle/lra-news1/module.model.transformer_3.mha.pattern.pickle
tensor([561, 429, 726, 495,   0, 198, 792, 627, 528, 165, 438, 717, 462, 433,
        557,  99, 924, 566, 721,  13, 416, 502, 719, 175, 485, 396, 568, 785,
         22, 704, 891, 330, 497, 559, 297,  17, 544, 209, 550, 496, 527, 957,
        499, 623, 182, 709, 731, 886,  24, 768, 507, 879, 310, 713, 567, 753,
        177, 549, 205, 422, 173, 421, 444, 909, 435, 621, 301, 425,  15, 480,
        572, 913,   5, 160, 342, 714, 630, 723, 728, 790, 858],
       device='cuda:0')
tensor(81, device='cuda:0')
block_attn_mask compile
total pattern searching time (s): 0.10984253883361816
[]
best model saved: step =  199 dev accu =  tensor(0.4947, device='cuda:0')

Validation Results
Global Steps: 199
Valid Loss: 1.11695
Valid Accuracy: 0.49474
time stamp: 58.56034016609192
[]
best model saved: step =  399 dev accu =  tensor(0.5206, device='cuda:0')

Validation Results
Global Steps: 399
Valid Loss: 1.05587
Valid Accuracy: 0.52059
time stamp: 100.21220207214355
[]
best model saved: step =  599 dev accu =  tensor(0.5386, device='cuda:0')

Validation Results
Global Steps: 599
Valid Loss: 1.03157
Valid Accuracy: 0.53861
time stamp: 142.07898139953613
[]
best model saved: step =  799 dev accu =  tensor(0.5442, device='cuda:0')

Validation Results
Global Steps: 799
Valid Loss: 1.02251
Valid Accuracy: 0.54420
time stamp: 183.94299221038818
[]
best model saved: step =  999 dev accu =  tensor(0.5691, device='cuda:0')

Validation Results
Global Steps: 999
Valid Loss: 0.99339
Valid Accuracy: 0.56907
time stamp: 225.56073713302612
[]
best model saved: step =  1199 dev accu =  tensor(0.6025, device='cuda:0')

Validation Results
Global Steps: 1199
Valid Loss: 0.95337
Valid Accuracy: 0.60253
time stamp: 267.2270095348358
[]
best model saved: step =  1399 dev accu =  tensor(0.6063, device='cuda:0')

Validation Results
Global Steps: 1399
Valid Loss: 0.95294
Valid Accuracy: 0.60634
time stamp: 309.13388299942017
[]
best model saved: step =  1599 dev accu =  tensor(0.6169, device='cuda:0')

Validation Results
Global Steps: 1599
Valid Loss: 0.93532
Valid Accuracy: 0.61689
time stamp: 350.9982349872589
[]
best model saved: step =  1799 dev accu =  tensor(0.6342, device='cuda:0')

Validation Results
Global Steps: 1799
Valid Loss: 0.90258
Valid Accuracy: 0.63425
time stamp: 392.6867823600769
[]

Validation Results
Global Steps: 1999
Valid Loss: 0.89224
Valid Accuracy: 0.63309
time stamp: 434.79051637649536
[]
best model saved: step =  2199 dev accu =  tensor(0.6371, device='cuda:0')

Validation Results
Global Steps: 2199
Valid Loss: 0.89821
Valid Accuracy: 0.63708
time stamp: 476.71324706077576
[]
best model saved: step =  2399 dev accu =  tensor(0.6420, device='cuda:0')

Validation Results
Global Steps: 2399
Valid Loss: 0.88230
Valid Accuracy: 0.64203
time stamp: 518.472264289856
[]
best model saved: step =  2599 dev accu =  tensor(0.6502, device='cuda:0')

Validation Results
Global Steps: 2599
Valid Loss: 0.87087
Valid Accuracy: 0.65024
time stamp: 560.3087885379791
[]
best model saved: step =  2799 dev accu =  tensor(0.6517, device='cuda:0')

Validation Results
Global Steps: 2799
Valid Loss: 0.87269
Valid Accuracy: 0.65165
time stamp: 602.2014379501343
[]
best model saved: step =  2999 dev accu =  tensor(0.6607, device='cuda:0')

Validation Results
Global Steps: 2999
Valid Loss: 0.85059
Valid Accuracy: 0.66067
time stamp: 644.1574676036835
[]

Validation Results
Global Steps: 3199
Valid Loss: 0.86575
Valid Accuracy: 0.65458
time stamp: 685.8682284355164
[]

Validation Results
Global Steps: 3399
Valid Loss: 0.86312
Valid Accuracy: 0.65855
time stamp: 727.8614315986633
[]

Validation Results
Global Steps: 3599
Valid Loss: 0.84695
Valid Accuracy: 0.65951
time stamp: 769.5331375598907
[]
best model saved: step =  3799 dev accu =  tensor(0.6626, device='cuda:0')

Validation Results
Global Steps: 3799
Valid Loss: 0.84386
Valid Accuracy: 0.66260
time stamp: 811.2372682094574
[]

Validation Results
Global Steps: 3999
Valid Loss: 0.84405
Valid Accuracy: 0.66247
time stamp: 853.068027973175
[]
best model saved: step =  4199 dev accu =  tensor(0.6680, device='cuda:0')

Validation Results
Global Steps: 4199
Valid Loss: 0.82949
Valid Accuracy: 0.66805
time stamp: 894.5347361564636
[]

Validation Results
Global Steps: 4399
Valid Loss: 0.83513
Valid Accuracy: 0.66601
time stamp: 936.5826737880707
[]

Validation Results
Global Steps: 4599
Valid Loss: 0.84011
Valid Accuracy: 0.66403
time stamp: 978.2744901180267
[]
best model saved: step =  4799 dev accu =  tensor(0.6691, device='cuda:0')

Validation Results
Global Steps: 4799
Valid Loss: 0.83918
Valid Accuracy: 0.66910
time stamp: 1020.2557978630066
[]
best model saved: step =  4999 dev accu =  tensor(0.6742, device='cuda:0')

Validation Results
Global Steps: 4999
Valid Loss: 0.82363
Valid Accuracy: 0.67415
time stamp: 1061.952888250351
[]

Validation Results
Global Steps: 5199
Valid Loss: 0.81830
Valid Accuracy: 0.67146
time stamp: 1103.8601241111755
[]
best model saved: step =  5399 dev accu =  tensor(0.6773, device='cuda:0')

Validation Results
Global Steps: 5399
Valid Loss: 0.81728
Valid Accuracy: 0.67731
time stamp: 1145.8721125125885
[]

Validation Results
Global Steps: 5599
Valid Loss: 0.82990
Valid Accuracy: 0.67532
time stamp: 1187.5043799877167
[]

Validation Results
Global Steps: 5799
Valid Loss: 0.82424
Valid Accuracy: 0.67168
time stamp: 1229.5629205703735
[]
best model saved: step =  5999 dev accu =  tensor(0.6798, device='cuda:0')

Validation Results
Global Steps: 5999
Valid Loss: 0.81853
Valid Accuracy: 0.67979
time stamp: 1271.3221080303192
[]
best model saved: step =  6199 dev accu =  tensor(0.6815, device='cuda:0')

Validation Results
Global Steps: 6199
Valid Loss: 0.81044
Valid Accuracy: 0.68146
time stamp: 1312.9327139854431
[]

Validation Results
Global Steps: 6399
Valid Loss: 0.81642
Valid Accuracy: 0.67868
time stamp: 1354.8752660751343
[]

Validation Results
Global Steps: 6599
Valid Loss: 0.83086
Valid Accuracy: 0.67921
time stamp: 1396.673550605774
[]
best model saved: step =  6799 dev accu =  tensor(0.6817, device='cuda:0')

Validation Results
Global Steps: 6799
Valid Loss: 0.80495
Valid Accuracy: 0.68175
time stamp: 1438.3938663005829
[]
best model saved: step =  6999 dev accu =  tensor(0.6854, device='cuda:0')

Validation Results
Global Steps: 6999
Valid Loss: 0.79879
Valid Accuracy: 0.68544
time stamp: 1480.3193204402924
[]
best model saved: step =  7199 dev accu =  tensor(0.6908, device='cuda:0')

Validation Results
Global Steps: 7199
Valid Loss: 0.78992
Valid Accuracy: 0.69076
time stamp: 1521.9877381324768
[]

Validation Results
Global Steps: 7399
Valid Loss: 0.81211
Valid Accuracy: 0.68469
time stamp: 1563.870052099228
[]
best model saved: step =  7599 dev accu =  tensor(0.6909, device='cuda:0')

Validation Results
Global Steps: 7599
Valid Loss: 0.79949
Valid Accuracy: 0.69095
time stamp: 1605.885603427887
[]

Validation Results
Global Steps: 7799
Valid Loss: 0.79565
Valid Accuracy: 0.68871
time stamp: 1647.845801115036
[]
best model saved: step =  7999 dev accu =  tensor(0.6925, device='cuda:0')

Validation Results
Global Steps: 7999
Valid Loss: 0.78591
Valid Accuracy: 0.69252
time stamp: 1689.7896547317505
[]

Validation Results
Global Steps: 8199
Valid Loss: 0.78039
Valid Accuracy: 0.69057
time stamp: 1731.6564092636108
[]
best model saved: step =  8399 dev accu =  tensor(0.6939, device='cuda:0')

Validation Results
Global Steps: 8399
Valid Loss: 0.77797
Valid Accuracy: 0.69393
time stamp: 1773.5515654087067
[]
best model saved: step =  8599 dev accu =  tensor(0.6950, device='cuda:0')

Validation Results
Global Steps: 8599
Valid Loss: 0.79216
Valid Accuracy: 0.69495
time stamp: 1815.2369899749756
[]
best model saved: step =  8799 dev accu =  tensor(0.6972, device='cuda:0')

Validation Results
Global Steps: 8799
Valid Loss: 0.78550
Valid Accuracy: 0.69724
time stamp: 1857.1651983261108
[]

Validation Results
Global Steps: 8999
Valid Loss: 0.77949
Valid Accuracy: 0.69634
time stamp: 1899.0226333141327
[]
best model saved: step =  9199 dev accu =  tensor(0.6998, device='cuda:0')

Validation Results
Global Steps: 9199
Valid Loss: 0.77830
Valid Accuracy: 0.69980
time stamp: 1940.7841656208038
[]
best model saved: step =  9399 dev accu =  tensor(0.7010, device='cuda:0')

Validation Results
Global Steps: 9399
Valid Loss: 0.77572
Valid Accuracy: 0.70101
time stamp: 1982.880061864853
[]
best model saved: step =  9599 dev accu =  tensor(0.7053, device='cuda:0')

Validation Results
Global Steps: 9599
Valid Loss: 0.75669
Valid Accuracy: 0.70533
time stamp: 2024.5061099529266
[]
best model saved: step =  9799 dev accu =  tensor(0.7054, device='cuda:0')

Validation Results
Global Steps: 9799
Valid Loss: 0.77623
Valid Accuracy: 0.70540
time stamp: 2066.2616732120514
[]
best model saved: step =  9999 dev accu =  tensor(0.7068, device='cuda:0')

Validation Results
Global Steps: 9999
Valid Loss: 0.76736
Valid Accuracy: 0.70685
time stamp: 2108.0743346214294
[]
best model saved: step =  10199 dev accu =  tensor(0.7070, device='cuda:0')

Validation Results
Global Steps: 10199
Valid Loss: 0.75929
Valid Accuracy: 0.70695
time stamp: 2149.731948852539
[]
best model saved: step =  10399 dev accu =  tensor(0.7084, device='cuda:0')

Validation Results
Global Steps: 10399
Valid Loss: 0.75424
Valid Accuracy: 0.70839
time stamp: 2191.3861236572266
[]
best model saved: step =  10599 dev accu =  tensor(0.7120, device='cuda:0')

Validation Results
Global Steps: 10599
Valid Loss: 0.75199
Valid Accuracy: 0.71204
time stamp: 2233.091088294983
[]
best model saved: step =  10799 dev accu =  tensor(0.7142, device='cuda:0')

Validation Results
Global Steps: 10799
Valid Loss: 0.74426
Valid Accuracy: 0.71415
time stamp: 2275.081605911255
[]

Validation Results
Global Steps: 10999
Valid Loss: 0.75521
Valid Accuracy: 0.71253
time stamp: 2316.913524389267
[]

Validation Results
Global Steps: 11199
Valid Loss: 0.75435
Valid Accuracy: 0.71038
time stamp: 2358.4188816547394
[]
best model saved: step =  11399 dev accu =  tensor(0.7169, device='cuda:0')

Validation Results
Global Steps: 11399
Valid Loss: 0.73565
Valid Accuracy: 0.71692
time stamp: 2400.331602573395
[]
best model saved: step =  11599 dev accu =  tensor(0.7176, device='cuda:0')

Validation Results
Global Steps: 11599
Valid Loss: 0.75697
Valid Accuracy: 0.71756
time stamp: 2441.98602104187
[]

Validation Results
Global Steps: 11799
Valid Loss: 0.74928
Valid Accuracy: 0.71735
time stamp: 2483.915409564972
[]
best model saved: step =  11999 dev accu =  tensor(0.7268, device='cuda:0')

Validation Results
Global Steps: 11999
Valid Loss: 0.72653
Valid Accuracy: 0.72684
time stamp: 2525.6521303653717
[]

Validation Results
Global Steps: 12199
Valid Loss: 0.73798
Valid Accuracy: 0.72294
time stamp: 2567.237793445587
[]

Validation Results
Global Steps: 12399
Valid Loss: 0.74279
Valid Accuracy: 0.72212
time stamp: 2609.344898223877
[]

Validation Results
Global Steps: 12599
Valid Loss: 0.72382
Valid Accuracy: 0.72658
time stamp: 2651.2656955718994
[]

Validation Results
Global Steps: 12799
Valid Loss: 0.71785
Valid Accuracy: 0.72382
time stamp: 2693.346868276596
[]
best model saved: step =  12999 dev accu =  tensor(0.7322, device='cuda:0')

Validation Results
Global Steps: 12999
Valid Loss: 0.70767
Valid Accuracy: 0.73224
time stamp: 2734.8575434684753
[]

Validation Results
Global Steps: 13199
Valid Loss: 0.71634
Valid Accuracy: 0.72977
time stamp: 2776.4678139686584
[]

Validation Results
Global Steps: 13399
Valid Loss: 0.70949
Valid Accuracy: 0.73131
time stamp: 2818.5203881263733
[]

Validation Results
Global Steps: 13599
Valid Loss: 0.71237
Valid Accuracy: 0.73099
time stamp: 2860.303780555725
[]

Validation Results
Global Steps: 13799
Valid Loss: 0.70860
Valid Accuracy: 0.73034
time stamp: 2902.103723526001
[]
best model saved: step =  13999 dev accu =  tensor(0.7350, device='cuda:0')

Validation Results
Global Steps: 13999
Valid Loss: 0.70607
Valid Accuracy: 0.73504
time stamp: 2944.0235843658447
[]

Validation Results
Global Steps: 14199
Valid Loss: 0.69257
Valid Accuracy: 0.73334
time stamp: 2985.86421084404
[]

Validation Results
Global Steps: 14399
Valid Loss: 0.72370
Valid Accuracy: 0.72776
time stamp: 3027.796092271805
[]
best model saved: step =  14599 dev accu =  tensor(0.7410, device='cuda:0')

Validation Results
Global Steps: 14599
Valid Loss: 0.69939
Valid Accuracy: 0.74096
time stamp: 3069.607548713684
[]

Validation Results
Global Steps: 14799
Valid Loss: 0.69388
Valid Accuracy: 0.73722
time stamp: 3111.4924142360687
[]

Validation Results
Global Steps: 14999
Valid Loss: 0.70165
Valid Accuracy: 0.73490
time stamp: 3153.0321457386017
[]

Validation Results
Global Steps: 15199
Valid Loss: 0.71008
Valid Accuracy: 0.73507
time stamp: 3194.9025435447693
[]

Validation Results
Global Steps: 15399
Valid Loss: 0.70757
Valid Accuracy: 0.73433
time stamp: 3236.747244119644
[]
best model saved: step =  15599 dev accu =  tensor(0.7418, device='cuda:0')

Validation Results
Global Steps: 15599
Valid Loss: 0.68035
Valid Accuracy: 0.74178
time stamp: 3278.400087594986
[]
best model saved: step =  15799 dev accu =  tensor(0.7433, device='cuda:0')

Validation Results
Global Steps: 15799
Valid Loss: 0.68300
Valid Accuracy: 0.74328
time stamp: 3320.1978709697723
[]

Validation Results
Global Steps: 15999
Valid Loss: 0.71194
Valid Accuracy: 0.73330
time stamp: 3362.114993095398
[]

Validation Results
Global Steps: 16199
Valid Loss: 0.72094
Valid Accuracy: 0.73095
time stamp: 3403.711277246475
[]
best model saved: step =  16399 dev accu =  tensor(0.7445, device='cuda:0')

Validation Results
Global Steps: 16399
Valid Loss: 0.67565
Valid Accuracy: 0.74454
time stamp: 3445.4307482242584
[]

Validation Results
Global Steps: 16599
Valid Loss: 0.67785
Valid Accuracy: 0.74366
time stamp: 3487.176906108856
[]
best model saved: step =  16799 dev accu =  tensor(0.7451, device='cuda:0')

Validation Results
Global Steps: 16799
Valid Loss: 0.68526
Valid Accuracy: 0.74506
time stamp: 3528.904674053192
[]
best model saved: step =  16999 dev accu =  tensor(0.7451, device='cuda:0')

Validation Results
Global Steps: 16999
Valid Loss: 0.68687
Valid Accuracy: 0.74510
time stamp: 3570.849878549576
[]
best model saved: step =  17199 dev accu =  tensor(0.7513, device='cuda:0')

Validation Results
Global Steps: 17199
Valid Loss: 0.67393
Valid Accuracy: 0.75131
time stamp: 3612.8418684005737
[]
best model saved: step =  17399 dev accu =  tensor(0.7514, device='cuda:0')

Validation Results
Global Steps: 17399
Valid Loss: 0.67719
Valid Accuracy: 0.75142
time stamp: 3654.6717281341553
[]

Validation Results
Global Steps: 17599
Valid Loss: 0.67604
Valid Accuracy: 0.74620
time stamp: 3696.4527213573456
[]

Validation Results
Global Steps: 17799
Valid Loss: 0.68286
Valid Accuracy: 0.74597
time stamp: 3738.2595069408417
[]
best model saved: step =  17999 dev accu =  tensor(0.7535, device='cuda:0')

Validation Results
Global Steps: 17999
Valid Loss: 0.66518
Valid Accuracy: 0.75352
time stamp: 3780.3057055473328
[]

Validation Results
Global Steps: 18199
Valid Loss: 0.68320
Valid Accuracy: 0.74795
time stamp: 3822.307305574417
[]

Validation Results
Global Steps: 18399
Valid Loss: 0.67235
Valid Accuracy: 0.75236
time stamp: 3864.318057537079
[]

Validation Results
Global Steps: 18599
Valid Loss: 0.68557
Valid Accuracy: 0.74488
time stamp: 3906.1980097293854
[]

Validation Results
Global Steps: 18799
Valid Loss: 0.67542
Valid Accuracy: 0.74927
time stamp: 3948.0457882881165
[]

Validation Results
Global Steps: 18999
Valid Loss: 0.67316
Valid Accuracy: 0.75146
time stamp: 3990.109884262085
[]
best model saved: step =  19199 dev accu =  tensor(0.7565, device='cuda:0')

Validation Results
Global Steps: 19199
Valid Loss: 0.65531
Valid Accuracy: 0.75653
time stamp: 4032.1514108181
[]
best model saved: step =  19399 dev accu =  tensor(0.7575, device='cuda:0')

Validation Results
Global Steps: 19399
Valid Loss: 0.66185
Valid Accuracy: 0.75746
time stamp: 4074.1164689064026
[]
best model saved: step =  19599 dev accu =  tensor(0.7581, device='cuda:0')

Validation Results
Global Steps: 19599
Valid Loss: 0.65501
Valid Accuracy: 0.75809
time stamp: 4116.117174863815
[]

Validation Results
Global Steps: 19799
Valid Loss: 0.66229
Valid Accuracy: 0.75749
time stamp: 4158.0084364414215
[]
best model saved: step =  19999 dev accu =  tensor(0.7640, device='cuda:0')

Validation Results
Global Steps: 19999
Valid Loss: 0.66026
Valid Accuracy: 0.76400
time stamp: 4199.691468238831
[]

Validation Results
Global Steps: 20199
Valid Loss: 0.64309
Valid Accuracy: 0.76329
time stamp: 4241.580541849136
[]

Validation Results
Global Steps: 20399
Valid Loss: 0.64669
Valid Accuracy: 0.75740
time stamp: 4283.786446809769
[]

Validation Results
Global Steps: 20599
Valid Loss: 0.64015
Valid Accuracy: 0.76187
time stamp: 4325.38205075264
[]
best model saved: step =  20799 dev accu =  tensor(0.7692, device='cuda:0')

Validation Results
Global Steps: 20799
Valid Loss: 0.62178
Valid Accuracy: 0.76918
time stamp: 4367.478329658508
[]

Validation Results
Global Steps: 20999
Valid Loss: 0.63252
Valid Accuracy: 0.76478
time stamp: 4409.697292089462
[]

Validation Results
Global Steps: 21199
Valid Loss: 0.64669
Valid Accuracy: 0.76138
time stamp: 4451.558503627777
[]

Validation Results
Global Steps: 21399
Valid Loss: 0.64274
Valid Accuracy: 0.76609
time stamp: 4493.532699346542
[]

Validation Results
Global Steps: 21599
Valid Loss: 0.66023
Valid Accuracy: 0.76008
time stamp: 4535.53219628334
[]

Validation Results
Global Steps: 21799
Valid Loss: 0.62760
Valid Accuracy: 0.76904
time stamp: 4577.458111286163
[]

Validation Results
Global Steps: 21999
Valid Loss: 0.63398
Valid Accuracy: 0.76732
time stamp: 4619.455543518066
[]

Validation Results
Global Steps: 22199
Valid Loss: 0.63629
Valid Accuracy: 0.76788
time stamp: 4661.314318656921
[]

Validation Results
Global Steps: 22399
Valid Loss: 0.63928
Valid Accuracy: 0.76583
time stamp: 4702.96986746788
[]
best model saved: step =  22599 dev accu =  tensor(0.7735, device='cuda:0')

Validation Results
Global Steps: 22599
Valid Loss: 0.62780
Valid Accuracy: 0.77353
time stamp: 4745.093590736389
[]

Validation Results
Global Steps: 22799
Valid Loss: 0.63515
Valid Accuracy: 0.77272
time stamp: 4787.129982471466
[]

Validation Results
Global Steps: 22999
Valid Loss: 0.62139
Valid Accuracy: 0.77275
time stamp: 4828.989718198776
[]

Validation Results
Global Steps: 23199
Valid Loss: 0.63249
Valid Accuracy: 0.76966
time stamp: 4870.993841409683
[]

Validation Results
Global Steps: 23399
Valid Loss: 0.63637
Valid Accuracy: 0.77308
time stamp: 4913.197973012924
[]

Validation Results
Global Steps: 23599
Valid Loss: 0.63530
Valid Accuracy: 0.77162
time stamp: 4954.941113471985
[]
best model saved: step =  23799 dev accu =  tensor(0.7754, device='cuda:0')

Validation Results
Global Steps: 23799
Valid Loss: 0.62625
Valid Accuracy: 0.77536
time stamp: 4996.694789171219
[]
best model saved: step =  23999 dev accu =  tensor(0.7778, device='cuda:0')

Validation Results
Global Steps: 23999
Valid Loss: 0.63243
Valid Accuracy: 0.77784
time stamp: 5038.7550349235535
[]

Validation Results
Global Steps: 24199
Valid Loss: 0.63884
Valid Accuracy: 0.77029
time stamp: 5080.496097564697
[]
best model saved: step =  24399 dev accu =  tensor(0.7791, device='cuda:0')

Validation Results
Global Steps: 24399
Valid Loss: 0.61713
Valid Accuracy: 0.77913
time stamp: 5122.709993124008
[]

Validation Results
Global Steps: 24599
Valid Loss: 0.63651
Valid Accuracy: 0.77093
time stamp: 5164.626662492752
[]

Validation Results
Global Steps: 24799
Valid Loss: 0.62297
Valid Accuracy: 0.77188
time stamp: 5206.867703437805
[]

Validation Results
Global Steps: 24999
Valid Loss: 0.62207
Valid Accuracy: 0.77337
time stamp: 5248.3963894844055
[]

Validation Results
Global Steps: 25199
Valid Loss: 0.61597
Valid Accuracy: 0.77844
time stamp: 5290.387976408005
[]

Validation Results
Global Steps: 25399
Valid Loss: 0.61935
Valid Accuracy: 0.77629
time stamp: 5332.454030036926
[]
best model saved: step =  25599 dev accu =  tensor(0.7821, device='cuda:0')

Validation Results
Global Steps: 25599
Valid Loss: 0.61190
Valid Accuracy: 0.78209
time stamp: 5374.389276981354
[]

Validation Results
Global Steps: 25799
Valid Loss: 0.61250
Valid Accuracy: 0.77855
time stamp: 5416.278597831726
[]

Validation Results
Global Steps: 25999
Valid Loss: 0.61868
Valid Accuracy: 0.77652
time stamp: 5457.97957444191
[]
best model saved: step =  26199 dev accu =  tensor(0.7826, device='cuda:0')

Validation Results
Global Steps: 26199
Valid Loss: 0.60096
Valid Accuracy: 0.78258
time stamp: 5500.071447134018
[]
best model saved: step =  26399 dev accu =  tensor(0.7832, device='cuda:0')

Validation Results
Global Steps: 26399
Valid Loss: 0.60279
Valid Accuracy: 0.78323
time stamp: 5541.990969657898
[]

Validation Results
Global Steps: 26599
Valid Loss: 0.61145
Valid Accuracy: 0.77962
time stamp: 5584.244184732437
[]
best model saved: step =  26799 dev accu =  tensor(0.7840, device='cuda:0')

Validation Results
Global Steps: 26799
Valid Loss: 0.60801
Valid Accuracy: 0.78403
time stamp: 5625.88240647316
[]

Validation Results
Global Steps: 26999
Valid Loss: 0.61079
Valid Accuracy: 0.77993
time stamp: 5667.803524017334
[]
best model saved: step =  27199 dev accu =  tensor(0.7845, device='cuda:0')

Validation Results
Global Steps: 27199
Valid Loss: 0.60158
Valid Accuracy: 0.78445
time stamp: 5710.0697202682495
[]

Validation Results
Global Steps: 27399
Valid Loss: 0.60334
Valid Accuracy: 0.78341
time stamp: 5751.789570569992
[]

Validation Results
Global Steps: 27599
Valid Loss: 0.60860
Valid Accuracy: 0.77964
time stamp: 5793.652439117432
[]

Validation Results
Global Steps: 27799
Valid Loss: 0.59361
Valid Accuracy: 0.78404
time stamp: 5835.775635242462
[]

Validation Results
Global Steps: 27999
Valid Loss: 0.60087
Valid Accuracy: 0.78035
time stamp: 5877.949426174164
[]

Validation Results
Global Steps: 28199
Valid Loss: 0.61294
Valid Accuracy: 0.78119
time stamp: 5919.982676267624
[]

Validation Results
Global Steps: 28399
Valid Loss: 0.60812
Valid Accuracy: 0.78110
time stamp: 5962.172681570053
[]
best model saved: step =  28599 dev accu =  tensor(0.7862, device='cuda:0')

Validation Results
Global Steps: 28599
Valid Loss: 0.59978
Valid Accuracy: 0.78622
time stamp: 6004.435981750488
[]

Validation Results
Global Steps: 28799
Valid Loss: 0.60622
Valid Accuracy: 0.78379
time stamp: 6046.386818885803
[]

Validation Results
Global Steps: 28999
Valid Loss: 0.59792
Valid Accuracy: 0.78569
time stamp: 6088.416876792908
[]

Validation Results
Global Steps: 29199
Valid Loss: 0.60270
Valid Accuracy: 0.78313
time stamp: 6130.192844867706
[]
best model saved: step =  29399 dev accu =  tensor(0.7906, device='cuda:0')

Validation Results
Global Steps: 29399
Valid Loss: 0.58480
Valid Accuracy: 0.79062
time stamp: 6172.07931470871
[]

Validation Results
Global Steps: 29599
Valid Loss: 0.59959
Valid Accuracy: 0.78218
time stamp: 6214.162050485611
[]

Validation Results
Global Steps: 29799
Valid Loss: 0.59652
Valid Accuracy: 0.78761
time stamp: 6256.111292600632
[]

Validation Results
Global Steps: 29999
Valid Loss: 0.58527
Valid Accuracy: 0.78530
time stamp: 6297.640394449234
total training step (k): 30.0
total training time (s): 6297.641395330429
total training time (ms): 1625621.8916015625
peak memory usage (MB): 12858
allocated memory usage (MB): 401436783
|===========================================================================|
|                  PyTorch CUDA memory summary, device ID 0                 |
|---------------------------------------------------------------------------|
|            CUDA OOMs: 0            |        cudaMalloc retries: 0         |
|===========================================================================|
|        Metric         | Cur Usage  | Peak Usage | Tot Alloc  | Tot Freed  |
|---------------------------------------------------------------------------|
| Allocated memory      |   12031 KB |   12858 MB |  392028 GB |  392028 GB |
|       from large pool |    6144 KB |   12846 MB |  388670 GB |  388670 GB |
|       from small pool |    5887 KB |      27 MB |    3357 GB |    3357 GB |
|---------------------------------------------------------------------------|
| Active memory         |   12031 KB |   12858 MB |  392028 GB |  392028 GB |
|       from large pool |    6144 KB |   12846 MB |  388670 GB |  388670 GB |
|       from small pool |    5887 KB |      27 MB |    3357 GB |    3357 GB |
|---------------------------------------------------------------------------|
| GPU reserved memory   |   13776 MB |   13776 MB |   13776 MB |       0 B  |
|       from large pool |   13748 MB |   13748 MB |   13748 MB |       0 B  |
|       from small pool |      28 MB |      28 MB |      28 MB |       0 B  |
|---------------------------------------------------------------------------|
| Non-releasable memory |   12545 KB |    2058 MB |  476793 GB |  476793 GB |
|       from large pool |   10240 KB |    2054 MB |  473288 GB |  473288 GB |
|       from small pool |    2305 KB |       6 MB |    3505 GB |    3505 GB |
|---------------------------------------------------------------------------|
| Allocations           |     398    |     670    |   35730 K  |   35730 K  |
|       from large pool |       2    |      93    |   13740 K  |   13740 K  |
|       from small pool |     396    |     659    |   21990 K  |   21990 K  |
|---------------------------------------------------------------------------|
| Active allocs         |     398    |     670    |   35730 K  |   35730 K  |
|       from large pool |       2    |      93    |   13740 K  |   13740 K  |
|       from small pool |     396    |     659    |   21990 K  |   21990 K  |
|---------------------------------------------------------------------------|
| GPU reserved segments |      42    |      42    |      42    |       0    |
|       from large pool |      28    |      28    |      28    |       0    |
|       from small pool |      14    |      14    |      14    |       0    |
|---------------------------------------------------------------------------|
| Non-releasable allocs |      11    |      29    |   17048 K  |   17048 K  |
|       from large pool |       2    |      19    |    6228 K  |    6228 K  |
|       from small pool |       9    |      21    |   10819 K  |   10819 K  |
|---------------------------------------------------------------------------|
| Oversize allocations  |       0    |       0    |       0    |       0    |
|---------------------------------------------------------------------------|
| Oversize GPU segments |       0    |       0    |       0    |       0    |
|===========================================================================|

loading the best model from: ./checkpoints/checkpoints-7/lra-news1/learnable.model
Evaluation Results
Loss: 0.58223
Accuracy: 0.79088
