GPU list: [0, 1, 2, 3]
[
    {
        "learn_pos_emb": true,
        "tied_weights": false,
        "embedding_dim": 64,
        "transformer_dim": 64,
        "transformer_hidden_dim": 128,
        "head_dim": 32,
        "num_head": 2,
        "num_layers": 2,
        "vocab_size": 512,
        "max_seq_len": 1024,
        "dropout_prob": 0.1,
        "attention_dropout": 0.1,
        "pooling_mode": "MEAN",
        "num_classes": 14,
        "block_size": 32,
        "batch_size": 128,
        "density": 0.04,
        "mixed_precision": true,
        "random_seed": 2,
        "task": "lra-nature"
    },
    {
        "batch_size": 512,
        "learning_rate": 0.003,
        "warmup": 800,
        "lr_decay": "linear",
        "weight_decay": 0,
        "eval_frequency": 500,
        "num_train_steps": 10000,
        "num_init_steps": 3000,
        "num_eval_steps": 300,
        "num_dense_train_steps": 1000,
        "patience": 10,
        "attn_loss_scale": 0.01
    }
]
attn compile
attn compile
DataParallel(
  (module): ModelForSC(
    (model): Model(
      (embeddings): Embeddings(
        (word_embeddings): Embedding(512, 64)
        (position_embeddings): Embedding(1024, 64)
        (dropout): Dropout(p=0.1, inplace=False)
      )
      (transformer_0): TransformerLayer(
        (norm1): LayerNorm((64,), eps=1e-05, elementwise_affine=True)
        (mha): Attention(
          (W_q): Linear(in_features=64, out_features=64, bias=True)
          (W_k): Linear(in_features=64, out_features=64, bias=True)
          (W_v): Linear(in_features=64, out_features=64, bias=True)
          (avg_pool): AvgPool2d(kernel_size=32, stride=32, padding=0)
          (MSEloss): MSELoss()
          (attn): CUDAAttention()
          (ff): Linear(in_features=64, out_features=64, bias=True)
        )
        (dropout1): Dropout(p=0.1, inplace=False)
        (norm2): LayerNorm((64,), eps=1e-05, elementwise_affine=True)
        (mlpblock): Sequential(
          (0): Linear(in_features=64, out_features=128, bias=True)
          (1): GELU(approximate='none')
          (2): Dropout(p=0.1, inplace=False)
          (3): Linear(in_features=128, out_features=64, bias=True)
          (4): Dropout(p=0.1, inplace=False)
        )
      )
      (transformer_1): TransformerLayer(
        (norm1): LayerNorm((64,), eps=1e-05, elementwise_affine=True)
        (mha): Attention(
          (W_q): Linear(in_features=64, out_features=64, bias=True)
          (W_k): Linear(in_features=64, out_features=64, bias=True)
          (W_v): Linear(in_features=64, out_features=64, bias=True)
          (avg_pool): AvgPool2d(kernel_size=32, stride=32, padding=0)
          (MSEloss): MSELoss()
          (attn): CUDAAttention()
          (ff): Linear(in_features=64, out_features=64, bias=True)
        )
        (dropout1): Dropout(p=0.1, inplace=False)
        (norm2): LayerNorm((64,), eps=1e-05, elementwise_affine=True)
        (mlpblock): Sequential(
          (0): Linear(in_features=64, out_features=128, bias=True)
          (1): GELU(approximate='none')
          (2): Dropout(p=0.1, inplace=False)
          (3): Linear(in_features=128, out_features=64, bias=True)
          (4): Dropout(p=0.1, inplace=False)
        )
      )
      (norm): LayerNorm((64,), eps=1e-05, elementwise_affine=True)
    )
    (seq_classifer): SCHead(
      (mlpblock): Sequential(
        (0): Linear(in_features=64, out_features=128, bias=True)
        (1): ReLU()
        (2): Linear(in_features=128, out_features=14, bias=True)
      )
    )
  )
)
parameter_size: [torch.Size([512, 64]), torch.Size([1024, 64]), torch.Size([64]), torch.Size([64]), torch.Size([32, 32]), torch.Size([64, 64]), torch.Size([64]), torch.Size([64, 64]), torch.Size([64]), torch.Size([64, 64]), torch.Size([64]), torch.Size([64, 64]), torch.Size([64]), torch.Size([64]), torch.Size([64]), torch.Size([128, 64]), torch.Size([128]), torch.Size([64, 128]), torch.Size([64]), torch.Size([64]), torch.Size([64]), torch.Size([32, 32]), torch.Size([64, 64]), torch.Size([64]), torch.Size([64, 64]), torch.Size([64]), torch.Size([64, 64]), torch.Size([64]), torch.Size([64, 64]), torch.Size([64]), torch.Size([64]), torch.Size([64]), torch.Size([128, 64]), torch.Size([128]), torch.Size([64, 128]), torch.Size([64]), torch.Size([64]), torch.Size([64]), torch.Size([128, 64]), torch.Size([128]), torch.Size([14, 128]), torch.Size([14])]
num_parameter: 177550
Loaded ../Skyformer/data/lra_processed/lra-nature.train.pickle... size=437513
Loaded ../Skyformer/data/lra_processed/lra-nature.dev.pickle... size=24426
Loaded ../Skyformer/data/lra_processed/lra-nature.test.pickle... size=24426
accumu_steps=1
module.model.transformer_0.mha.pattern saved
module.model.transformer_1.mha.pattern saved
./pickle/lra-nature/module.model.transformer_0.mha.pattern.pickle
tensor([  66,  231,  132,  363,  396,  198,  726,    0,  957,  297,  693,  627,
          99, 1023,  924,  825,   33,  264,  990,  139,  356,  236,  391,  330,
         759,  528,  594,  429,  135,  228,  147,  612,  858,  660,  891,  165,
         561,  267,  360,  150], device='cuda:0')
tensor(40, device='cuda:0')
block_attn compile
./pickle/lra-nature/module.model.transformer_1.mha.pattern.pickle
tensor([ 990,  495,  660,  462,  825,  165,  132,    0,  627,  891,  330,  528,
         693, 1023,  363,  429,  759,  143,  484,  957,  561,  264,  396,  473,
         814,  198,   99,  463,  494,  670,  980,  231,  382,  971,  297,  792,
         924,   66,  858,  510], device='cuda:0')
tensor(40, device='cuda:0')
block_attn compile
total pattern searching time (s): 0.005163908004760742
[]
best model saved: step =  499 dev accu =  tensor(0.3925, device='cuda:0')

Validation Results
Global Steps: 499
Valid Loss: 1.82752
Valid Accuracy: 0.39248
time stamp: 181.88068532943726
[]
best model saved: step =  999 dev accu =  tensor(0.4643, device='cuda:0')

Validation Results
Global Steps: 999
Valid Loss: 1.67770
Valid Accuracy: 0.46431
time stamp: 223.0550560951233
[]

Validation Results
Global Steps: 1499
Valid Loss: 1.69696
Valid Accuracy: 0.44408
time stamp: 264.00316762924194
[]

Validation Results
Global Steps: 1999
Valid Loss: 1.68118
Valid Accuracy: 0.44685
time stamp: 305.17634654045105
[]

Validation Results
Global Steps: 2499
Valid Loss: 1.68289
Valid Accuracy: 0.44872
time stamp: 346.3662612438202
[]
best model saved: step =  2999 dev accu =  tensor(0.4649, device='cuda:0')

Validation Results
Global Steps: 2999
Valid Loss: 1.63803
Valid Accuracy: 0.46488
time stamp: 388.2521262168884
[]
best model saved: step =  3499 dev accu =  tensor(0.4800, device='cuda:0')

Validation Results
Global Steps: 3499
Valid Loss: 1.60826
Valid Accuracy: 0.47999
time stamp: 429.26802372932434
[]

Validation Results
Global Steps: 3999
Valid Loss: 1.66357
Valid Accuracy: 0.46218
time stamp: 471.33258605003357
[]

Validation Results
Global Steps: 4499
Valid Loss: 1.63356
Valid Accuracy: 0.47266
time stamp: 512.46089220047
[]
best model saved: step =  4999 dev accu =  tensor(0.4852, device='cuda:0')

Validation Results
Global Steps: 4999
Valid Loss: 1.59363
Valid Accuracy: 0.48522
time stamp: 553.5831429958344
[]

Validation Results
Global Steps: 5499
Valid Loss: 1.59760
Valid Accuracy: 0.48154
time stamp: 595.158305644989
[]

Validation Results
Global Steps: 5999
Valid Loss: 1.63970
Valid Accuracy: 0.47115
time stamp: 636.6936175823212
[]

Validation Results
Global Steps: 6499
Valid Loss: 1.63532
Valid Accuracy: 0.46253
time stamp: 677.8896872997284
[]
best model saved: step =  6999 dev accu =  tensor(0.5100, device='cuda:0')

Validation Results
Global Steps: 6999
Valid Loss: 1.55502
Valid Accuracy: 0.51003
time stamp: 719.482729434967
[]

Validation Results
Global Steps: 7499
Valid Loss: 1.59092
Valid Accuracy: 0.48837
time stamp: 760.7403402328491
[]

Validation Results
Global Steps: 7999
Valid Loss: 1.53627
Valid Accuracy: 0.50974
time stamp: 802.3275394439697
[]
best model saved: step =  8499 dev accu =  tensor(0.5318, device='cuda:0')

Validation Results
Global Steps: 8499
Valid Loss: 1.50604
Valid Accuracy: 0.53179
time stamp: 843.8451387882233
[]

Validation Results
Global Steps: 8999
Valid Loss: 1.58061
Valid Accuracy: 0.49620
time stamp: 885.1480422019958
[]

Validation Results
Global Steps: 9499
Valid Loss: 1.55873
Valid Accuracy: 0.50003
time stamp: 926.6204812526703
[]

Validation Results
Global Steps: 9999
Valid Loss: 1.58067
Valid Accuracy: 0.49214
time stamp: 967.7443473339081
total training step (k): 10.0
total training time (s): 967.7450287342072
total training time (ms): 174257.5810546875
peak memory usage (MB): 8036
allocated memory usage (MB): 61069414
|===========================================================================|
|                  PyTorch CUDA memory summary, device ID 0                 |
|---------------------------------------------------------------------------|
|            CUDA OOMs: 0            |        cudaMalloc retries: 0         |
|===========================================================================|
|        Metric         | Cur Usage  | Peak Usage | Tot Alloc  | Tot Freed  |
|---------------------------------------------------------------------------|
| Allocated memory      |   10389 KB |    8036 MB |   59638 GB |   59638 GB |
|       from large pool |    6144 KB |    8030 MB |   59147 GB |   59147 GB |
|       from small pool |    4245 KB |      15 MB |     490 GB |     490 GB |
|---------------------------------------------------------------------------|
| Active memory         |   10389 KB |    8036 MB |   59638 GB |   59638 GB |
|       from large pool |    6144 KB |    8030 MB |   59147 GB |   59147 GB |
|       from small pool |    4245 KB |      15 MB |     490 GB |     490 GB |
|---------------------------------------------------------------------------|
| GPU reserved memory   |    8614 MB |    8614 MB |    8614 MB |       0 B  |
|       from large pool |    8596 MB |    8596 MB |    8596 MB |       0 B  |
|       from small pool |      18 MB |      18 MB |      18 MB |       0 B  |
|---------------------------------------------------------------------------|
| Non-releasable memory |   12139 KB |    1109 MB |   52371 GB |   52371 GB |
|       from large pool |   10240 KB |    1106 MB |   51845 GB |   51845 GB |
|       from small pool |    1899 KB |       4 MB |     525 GB |     525 GB |
|---------------------------------------------------------------------------|
| Allocations           |     228    |     574    |    6178 K  |    6178 K  |
|       from large pool |       2    |      49    |    2145 K  |    2145 K  |
|       from small pool |     226    |     565    |    4033 K  |    4032 K  |
|---------------------------------------------------------------------------|
| Active allocs         |     228    |     574    |    6178 K  |    6178 K  |
|       from large pool |       2    |      49    |    2145 K  |    2145 K  |
|       from small pool |     226    |     565    |    4033 K  |    4032 K  |
|---------------------------------------------------------------------------|
| GPU reserved segments |      31    |      31    |      31    |       0    |
|       from large pool |      22    |      22    |      22    |       0    |
|       from small pool |       9    |       9    |       9    |       0    |
|---------------------------------------------------------------------------|
| Non-releasable allocs |      10    |      25    |    2826 K  |    2826 K  |
|       from large pool |       2    |      15    |     868 K  |     868 K  |
|       from small pool |       8    |      16    |    1957 K  |    1957 K  |
|---------------------------------------------------------------------------|
| Oversize allocations  |       0    |       0    |       0    |       0    |
|---------------------------------------------------------------------------|
| Oversize GPU segments |       0    |       0    |       0    |       0    |
|===========================================================================|

loading the best model from: ./checkpoints/checkpoints-2/lra-nature/learnable.model
Evaluation Results
Loss: 1.50880
Accuracy: 0.53088
