GPU list: [0, 1, 2, 3]
[
    {
        "learn_pos_emb": true,
        "tied_weights": false,
        "embedding_dim": 64,
        "transformer_dim": 64,
        "transformer_hidden_dim": 128,
        "head_dim": 32,
        "num_head": 2,
        "num_layers": 2,
        "vocab_size": 512,
        "max_seq_len": 1024,
        "dropout_prob": 0.1,
        "attention_dropout": 0.1,
        "pooling_mode": "MEAN",
        "num_classes": 14,
        "block_size": 32,
        "batch_size": 128,
        "density": 0.04,
        "mixed_precision": true,
        "random_seed": 10,
        "task": "lra-nature"
    },
    {
        "batch_size": 512,
        "learning_rate": 0.003,
        "warmup": 800,
        "lr_decay": "linear",
        "weight_decay": 0,
        "eval_frequency": 500,
        "num_train_steps": 10000,
        "num_init_steps": 3000,
        "num_eval_steps": 300,
        "num_dense_train_steps": 1000,
        "patience": 10,
        "attn_loss_scale": 0.01
    }
]
attn compile
attn compile
DataParallel(
  (module): ModelForSC(
    (model): Model(
      (embeddings): Embeddings(
        (word_embeddings): Embedding(512, 64)
        (position_embeddings): Embedding(1024, 64)
        (dropout): Dropout(p=0.1, inplace=False)
      )
      (transformer_0): TransformerLayer(
        (norm1): LayerNorm((64,), eps=1e-05, elementwise_affine=True)
        (mha): Attention(
          (W_q): Linear(in_features=64, out_features=64, bias=True)
          (W_k): Linear(in_features=64, out_features=64, bias=True)
          (W_v): Linear(in_features=64, out_features=64, bias=True)
          (avg_pool): AvgPool2d(kernel_size=32, stride=32, padding=0)
          (MSEloss): MSELoss()
          (attn): CUDAAttention()
          (ff): Linear(in_features=64, out_features=64, bias=True)
        )
        (dropout1): Dropout(p=0.1, inplace=False)
        (norm2): LayerNorm((64,), eps=1e-05, elementwise_affine=True)
        (mlpblock): Sequential(
          (0): Linear(in_features=64, out_features=128, bias=True)
          (1): GELU(approximate='none')
          (2): Dropout(p=0.1, inplace=False)
          (3): Linear(in_features=128, out_features=64, bias=True)
          (4): Dropout(p=0.1, inplace=False)
        )
      )
      (transformer_1): TransformerLayer(
        (norm1): LayerNorm((64,), eps=1e-05, elementwise_affine=True)
        (mha): Attention(
          (W_q): Linear(in_features=64, out_features=64, bias=True)
          (W_k): Linear(in_features=64, out_features=64, bias=True)
          (W_v): Linear(in_features=64, out_features=64, bias=True)
          (avg_pool): AvgPool2d(kernel_size=32, stride=32, padding=0)
          (MSEloss): MSELoss()
          (attn): CUDAAttention()
          (ff): Linear(in_features=64, out_features=64, bias=True)
        )
        (dropout1): Dropout(p=0.1, inplace=False)
        (norm2): LayerNorm((64,), eps=1e-05, elementwise_affine=True)
        (mlpblock): Sequential(
          (0): Linear(in_features=64, out_features=128, bias=True)
          (1): GELU(approximate='none')
          (2): Dropout(p=0.1, inplace=False)
          (3): Linear(in_features=128, out_features=64, bias=True)
          (4): Dropout(p=0.1, inplace=False)
        )
      )
      (norm): LayerNorm((64,), eps=1e-05, elementwise_affine=True)
    )
    (seq_classifer): SCHead(
      (mlpblock): Sequential(
        (0): Linear(in_features=64, out_features=128, bias=True)
        (1): ReLU()
        (2): Linear(in_features=128, out_features=14, bias=True)
      )
    )
  )
)
parameter_size: [torch.Size([512, 64]), torch.Size([1024, 64]), torch.Size([64]), torch.Size([64]), torch.Size([32, 32]), torch.Size([64, 64]), torch.Size([64]), torch.Size([64, 64]), torch.Size([64]), torch.Size([64, 64]), torch.Size([64]), torch.Size([64, 64]), torch.Size([64]), torch.Size([64]), torch.Size([64]), torch.Size([128, 64]), torch.Size([128]), torch.Size([64, 128]), torch.Size([64]), torch.Size([64]), torch.Size([64]), torch.Size([32, 32]), torch.Size([64, 64]), torch.Size([64]), torch.Size([64, 64]), torch.Size([64]), torch.Size([64, 64]), torch.Size([64]), torch.Size([64, 64]), torch.Size([64]), torch.Size([64]), torch.Size([64]), torch.Size([128, 64]), torch.Size([128]), torch.Size([64, 128]), torch.Size([64]), torch.Size([64]), torch.Size([64]), torch.Size([128, 64]), torch.Size([128]), torch.Size([14, 128]), torch.Size([14])]
num_parameter: 177550
Loaded ../Skyformer/data/lra_processed/lra-nature.train.pickle... size=437513
Loaded ../Skyformer/data/lra_processed/lra-nature.dev.pickle... size=24426
Loaded ../Skyformer/data/lra_processed/lra-nature.test.pickle... size=24426
accumu_steps=1
module.model.transformer_0.mha.pattern saved
module.model.transformer_1.mha.pattern saved
./pickle/lra-nature/module.model.transformer_0.mha.pattern.pickle
tensor([ 792,    0,   66,  396,  264,   33,  231,  495,  330,   24,  768, 1023,
         363,  660,   99,  594,  165,  297,  726,  528,  429,   75,  354,  990,
         462,   71,  226,  858,  825,  891,   10,  320,   12,  384,   74,  322,
           2,   64,  440,  781], device='cuda:0')
tensor(40, device='cuda:0')
block_attn compile
./pickle/lra-nature/module.model.transformer_1.mha.pattern.pickle
tensor([  33,  330,  198,   99,   66,  759,  363,  396,  924,  693,  858,  297,
         264,  594,  792,  561,  132,  429,  957,    0,  627,  891,   42,  321,
          82,  578,  462,  218,  838,  990,  215,  742,   70,  194,  343,  746,
        1023,  495,  726,   56], device='cuda:0')
tensor(40, device='cuda:0')
block_attn compile
total pattern searching time (s): 0.005289554595947266
[]
best model saved: step =  499 dev accu =  tensor(0.4313, device='cuda:0')

Validation Results
Global Steps: 499
Valid Loss: 1.75257
Valid Accuracy: 0.43133
time stamp: 145.76262211799622
[]

Validation Results
Global Steps: 999
Valid Loss: 1.82104
Valid Accuracy: 0.38311
time stamp: 187.33555054664612
[]
best model saved: step =  1499 dev accu =  tensor(0.4466, device='cuda:0')

Validation Results
Global Steps: 1499
Valid Loss: 1.67519
Valid Accuracy: 0.44659
time stamp: 228.24682235717773
[]
best model saved: step =  1999 dev accu =  tensor(0.4598, device='cuda:0')

Validation Results
Global Steps: 1999
Valid Loss: 1.66343
Valid Accuracy: 0.45976
time stamp: 269.27105951309204
[]
best model saved: step =  2499 dev accu =  tensor(0.4823, device='cuda:0')

Validation Results
Global Steps: 2499
Valid Loss: 1.61099
Valid Accuracy: 0.48227
time stamp: 310.4921774864197
[]

Validation Results
Global Steps: 2999
Valid Loss: 1.62185
Valid Accuracy: 0.48078
time stamp: 352.01153349876404
[]
best model saved: step =  3499 dev accu =  tensor(0.4919, device='cuda:0')

Validation Results
Global Steps: 3499
Valid Loss: 1.59090
Valid Accuracy: 0.49191
time stamp: 393.11104440689087
[]

Validation Results
Global Steps: 3999
Valid Loss: 1.61919
Valid Accuracy: 0.48652
time stamp: 434.2011561393738
[]

Validation Results
Global Steps: 4499
Valid Loss: 1.58868
Valid Accuracy: 0.49043
time stamp: 475.3176543712616
[]

Validation Results
Global Steps: 4999
Valid Loss: 1.62523
Valid Accuracy: 0.47783
time stamp: 516.2540781497955
[]

Validation Results
Global Steps: 5499
Valid Loss: 1.64908
Valid Accuracy: 0.46316
time stamp: 557.1206076145172
[]

Validation Results
Global Steps: 5999
Valid Loss: 1.64346
Valid Accuracy: 0.46166
time stamp: 598.0675761699677
[]

Validation Results
Global Steps: 6499
Valid Loss: 1.59800
Valid Accuracy: 0.48723
time stamp: 638.8722047805786
[]
best model saved: step =  6999 dev accu =  tensor(0.4948, device='cuda:0')

Validation Results
Global Steps: 6999
Valid Loss: 1.56240
Valid Accuracy: 0.49484
time stamp: 680.361001253128
[]

Validation Results
Global Steps: 7499
Valid Loss: 1.61391
Valid Accuracy: 0.47840
time stamp: 721.5345647335052
[]

Validation Results
Global Steps: 7999
Valid Loss: 1.59745
Valid Accuracy: 0.48000
time stamp: 762.8300800323486
[]

Validation Results
Global Steps: 8499
Valid Loss: 1.58058
Valid Accuracy: 0.48624
time stamp: 803.7813742160797
[]

Validation Results
Global Steps: 8999
Valid Loss: 1.61925
Valid Accuracy: 0.47376
time stamp: 845.1124384403229
[]

Validation Results
Global Steps: 9499
Valid Loss: 1.58435
Valid Accuracy: 0.48982
time stamp: 885.7979876995087
[]

Validation Results
Global Steps: 9999
Valid Loss: 1.62097
Valid Accuracy: 0.47038
time stamp: 927.113018989563
total training step (k): 10.0
total training time (s): 927.113832950592
total training time (ms): 173536.50830078125
peak memory usage (MB): 8036
allocated memory usage (MB): 59499533
|===========================================================================|
|                  PyTorch CUDA memory summary, device ID 0                 |
|---------------------------------------------------------------------------|
|            CUDA OOMs: 0            |        cudaMalloc retries: 0         |
|===========================================================================|
|        Metric         | Cur Usage  | Peak Usage | Tot Alloc  | Tot Freed  |
|---------------------------------------------------------------------------|
| Allocated memory      |   10389 KB |    8036 MB |   58105 GB |   58105 GB |
|       from large pool |    6144 KB |    8030 MB |   57615 GB |   57615 GB |
|       from small pool |    4245 KB |      15 MB |     489 GB |     489 GB |
|---------------------------------------------------------------------------|
| Active memory         |   10389 KB |    8036 MB |   58105 GB |   58105 GB |
|       from large pool |    6144 KB |    8030 MB |   57615 GB |   57615 GB |
|       from small pool |    4245 KB |      15 MB |     489 GB |     489 GB |
|---------------------------------------------------------------------------|
| GPU reserved memory   |    8614 MB |    8614 MB |    8614 MB |       0 B  |
|       from large pool |    8596 MB |    8596 MB |    8596 MB |       0 B  |
|       from small pool |      18 MB |      18 MB |      18 MB |       0 B  |
|---------------------------------------------------------------------------|
| Non-releasable memory |   16235 KB |    1109 MB |   51800 GB |   51800 GB |
|       from large pool |   14336 KB |    1106 MB |   51276 GB |   51276 GB |
|       from small pool |    1899 KB |       4 MB |     524 GB |     524 GB |
|---------------------------------------------------------------------------|
| Allocations           |     228    |     574    |    6178 K  |    6178 K  |
|       from large pool |       2    |      49    |    2145 K  |    2145 K  |
|       from small pool |     226    |     565    |    4033 K  |    4033 K  |
|---------------------------------------------------------------------------|
| Active allocs         |     228    |     574    |    6178 K  |    6178 K  |
|       from large pool |       2    |      49    |    2145 K  |    2145 K  |
|       from small pool |     226    |     565    |    4033 K  |    4033 K  |
|---------------------------------------------------------------------------|
| GPU reserved segments |      31    |      31    |      31    |       0    |
|       from large pool |      22    |      22    |      22    |       0    |
|       from small pool |       9    |       9    |       9    |       0    |
|---------------------------------------------------------------------------|
| Non-releasable allocs |      10    |      25    |    2803 K  |    2803 K  |
|       from large pool |       2    |      15    |     769 K  |     769 K  |
|       from small pool |       8    |      17    |    2033 K  |    2033 K  |
|---------------------------------------------------------------------------|
| Oversize allocations  |       0    |       0    |       0    |       0    |
|---------------------------------------------------------------------------|
| Oversize GPU segments |       0    |       0    |       0    |       0    |
|===========================================================================|

loading the best model from: ./checkpoints/checkpoints-10/lra-nature/learnable.model
Evaluation Results
Loss: 1.56189
Accuracy: 0.49497
