GPU list: [0, 1, 2, 3]
[
    {
        "learn_pos_emb": true,
        "tied_weights": false,
        "embedding_dim": 64,
        "transformer_dim": 64,
        "transformer_hidden_dim": 128,
        "head_dim": 32,
        "num_head": 2,
        "num_layers": 4,
        "vocab_size": 512,
        "max_seq_len": 1024,
        "dropout_prob": 0.1,
        "attention_dropout": 0.1,
        "pooling_mode": "MEAN",
        "num_classes": 4,
        "block_size": 32,
        "batch_size": 128,
        "density": 0.08,
        "mixed_precision": true,
        "random_seed": 1001,
        "task": "lra-news1"
    },
    {
        "batch_size": 512,
        "learning_rate": 0.0009,
        "warmup": 80,
        "lr_decay": "linear",
        "weight_decay": 0,
        "eval_frequency": 200,
        "num_train_steps": 30000,
        "num_init_steps": 3000,
        "num_eval_steps": 200,
        "num_dense_train_steps": 5000,
        "patience": 10,
        "attn_loss_scale": 0.01,
        "skewness": 1.7,
        "distance": 1.3
    }
]
attn_mask compile
attn_mask compile
attn_mask compile
attn_mask compile
DataParallel(
  (module): ModelForSC(
    (model): Model(
      (embeddings): Embeddings(
        (word_embeddings): Embedding(512, 64)
        (position_embeddings): Embedding(1024, 64)
        (dropout): Dropout(p=0.1, inplace=False)
      )
      (transformer_0): TransformerLayer(
        (norm1): LayerNorm((64,), eps=1e-05, elementwise_affine=True)
        (mha): Attention(
          (W_q): Linear(in_features=64, out_features=64, bias=True)
          (W_k): Linear(in_features=64, out_features=64, bias=True)
          (W_v): Linear(in_features=64, out_features=64, bias=True)
          (avg_pool): AvgPool2d(kernel_size=32, stride=32, padding=0)
          (MSEloss): MSELoss()
          (attn): CUDAMaskAttention()
          (ff): Linear(in_features=64, out_features=64, bias=True)
        )
        (dropout1): Dropout(p=0.1, inplace=False)
        (norm2): LayerNorm((64,), eps=1e-05, elementwise_affine=True)
        (mlpblock): Sequential(
          (0): Linear(in_features=64, out_features=128, bias=True)
          (1): GELU(approximate='none')
          (2): Dropout(p=0.1, inplace=False)
          (3): Linear(in_features=128, out_features=64, bias=True)
          (4): Dropout(p=0.1, inplace=False)
        )
      )
      (transformer_1): TransformerLayer(
        (norm1): LayerNorm((64,), eps=1e-05, elementwise_affine=True)
        (mha): Attention(
          (W_q): Linear(in_features=64, out_features=64, bias=True)
          (W_k): Linear(in_features=64, out_features=64, bias=True)
          (W_v): Linear(in_features=64, out_features=64, bias=True)
          (avg_pool): AvgPool2d(kernel_size=32, stride=32, padding=0)
          (MSEloss): MSELoss()
          (attn): CUDAMaskAttention()
          (ff): Linear(in_features=64, out_features=64, bias=True)
        )
        (dropout1): Dropout(p=0.1, inplace=False)
        (norm2): LayerNorm((64,), eps=1e-05, elementwise_affine=True)
        (mlpblock): Sequential(
          (0): Linear(in_features=64, out_features=128, bias=True)
          (1): GELU(approximate='none')
          (2): Dropout(p=0.1, inplace=False)
          (3): Linear(in_features=128, out_features=64, bias=True)
          (4): Dropout(p=0.1, inplace=False)
        )
      )
      (transformer_2): TransformerLayer(
        (norm1): LayerNorm((64,), eps=1e-05, elementwise_affine=True)
        (mha): Attention(
          (W_q): Linear(in_features=64, out_features=64, bias=True)
          (W_k): Linear(in_features=64, out_features=64, bias=True)
          (W_v): Linear(in_features=64, out_features=64, bias=True)
          (avg_pool): AvgPool2d(kernel_size=32, stride=32, padding=0)
          (MSEloss): MSELoss()
          (attn): CUDAMaskAttention()
          (ff): Linear(in_features=64, out_features=64, bias=True)
        )
        (dropout1): Dropout(p=0.1, inplace=False)
        (norm2): LayerNorm((64,), eps=1e-05, elementwise_affine=True)
        (mlpblock): Sequential(
          (0): Linear(in_features=64, out_features=128, bias=True)
          (1): GELU(approximate='none')
          (2): Dropout(p=0.1, inplace=False)
          (3): Linear(in_features=128, out_features=64, bias=True)
          (4): Dropout(p=0.1, inplace=False)
        )
      )
      (transformer_3): TransformerLayer(
        (norm1): LayerNorm((64,), eps=1e-05, elementwise_affine=True)
        (mha): Attention(
          (W_q): Linear(in_features=64, out_features=64, bias=True)
          (W_k): Linear(in_features=64, out_features=64, bias=True)
          (W_v): Linear(in_features=64, out_features=64, bias=True)
          (avg_pool): AvgPool2d(kernel_size=32, stride=32, padding=0)
          (MSEloss): MSELoss()
          (attn): CUDAMaskAttention()
          (ff): Linear(in_features=64, out_features=64, bias=True)
        )
        (dropout1): Dropout(p=0.1, inplace=False)
        (norm2): LayerNorm((64,), eps=1e-05, elementwise_affine=True)
        (mlpblock): Sequential(
          (0): Linear(in_features=64, out_features=128, bias=True)
          (1): GELU(approximate='none')
          (2): Dropout(p=0.1, inplace=False)
          (3): Linear(in_features=128, out_features=64, bias=True)
          (4): Dropout(p=0.1, inplace=False)
        )
      )
      (norm): LayerNorm((64,), eps=1e-05, elementwise_affine=True)
    )
    (seq_classifer): SCHead(
      (mlpblock): Sequential(
        (0): Linear(in_features=64, out_features=128, bias=True)
        (1): ReLU()
        (2): Linear(in_features=128, out_features=4, bias=True)
      )
    )
  )
)
parameter_size: [torch.Size([512, 64]), torch.Size([1024, 64]), torch.Size([64]), torch.Size([64]), torch.Size([32, 32]), torch.Size([64, 64]), torch.Size([64]), torch.Size([64, 64]), torch.Size([64]), torch.Size([64, 64]), torch.Size([64]), torch.Size([64, 64]), torch.Size([64]), torch.Size([64]), torch.Size([64]), torch.Size([128, 64]), torch.Size([128]), torch.Size([64, 128]), torch.Size([64]), torch.Size([64]), torch.Size([64]), torch.Size([32, 32]), torch.Size([64, 64]), torch.Size([64]), torch.Size([64, 64]), torch.Size([64]), torch.Size([64, 64]), torch.Size([64]), torch.Size([64, 64]), torch.Size([64]), torch.Size([64]), torch.Size([64]), torch.Size([128, 64]), torch.Size([128]), torch.Size([64, 128]), torch.Size([64]), torch.Size([64]), torch.Size([64]), torch.Size([32, 32]), torch.Size([64, 64]), torch.Size([64]), torch.Size([64, 64]), torch.Size([64]), torch.Size([64, 64]), torch.Size([64]), torch.Size([64, 64]), torch.Size([64]), torch.Size([64]), torch.Size([64]), torch.Size([128, 64]), torch.Size([128]), torch.Size([64, 128]), torch.Size([64]), torch.Size([64]), torch.Size([64]), torch.Size([32, 32]), torch.Size([64, 64]), torch.Size([64]), torch.Size([64, 64]), torch.Size([64]), torch.Size([64, 64]), torch.Size([64]), torch.Size([64, 64]), torch.Size([64]), torch.Size([64]), torch.Size([64]), torch.Size([128, 64]), torch.Size([128]), torch.Size([64, 128]), torch.Size([64]), torch.Size([64]), torch.Size([64]), torch.Size([128, 64]), torch.Size([128]), torch.Size([4, 128]), torch.Size([4])]
num_parameter: 245252
Loaded ../Skyformer/data/lra_processed/lra-news1.train.pickle... size=120000
Loaded ../Skyformer/data/lra_processed/lra-news1.dev.pickle... size=7600
Loaded ../Skyformer/data/lra_processed/lra-news1.test.pickle... size=7600
accumu_steps=1
best model saved: step =  199 dev accu =  tensor(0.5763, device='cuda:0')

Validation Results
Global Steps: 199
Valid Loss: 1.03140
Valid Accuracy: 0.57631
time stamp: 114.50512075424194
best model saved: step =  399 dev accu =  tensor(0.6117, device='cuda:0')

Validation Results
Global Steps: 399
Valid Loss: 0.95934
Valid Accuracy: 0.61173
time stamp: 227.00071501731873
best model saved: step =  599 dev accu =  tensor(0.6265, device='cuda:0')

Validation Results
Global Steps: 599
Valid Loss: 0.92227
Valid Accuracy: 0.62654
time stamp: 340.13215804100037

Validation Results
Global Steps: 799
Valid Loss: 0.92848
Valid Accuracy: 0.62449
time stamp: 452.29675364494324
best model saved: step =  999 dev accu =  tensor(0.6329, device='cuda:0')

Validation Results
Global Steps: 999
Valid Loss: 0.89465
Valid Accuracy: 0.63285
time stamp: 565.0127556324005
best model saved: step =  1199 dev accu =  tensor(0.6482, device='cuda:0')

Validation Results
Global Steps: 1199
Valid Loss: 0.87643
Valid Accuracy: 0.64818
time stamp: 677.0721323490143
