GPU list: [0, 1, 2, 3]
[
    {
        "learn_pos_emb": true,
        "tied_weights": false,
        "embedding_dim": 64,
        "transformer_dim": 64,
        "transformer_hidden_dim": 128,
        "head_dim": 32,
        "num_head": 2,
        "num_layers": 4,
        "vocab_size": 32,
        "max_seq_len": 2048,
        "dropout_prob": 0.1,
        "attention_dropout": 0.1,
        "pooling_mode": "MEAN",
        "num_classes": 10,
        "block_size": 64,
        "batch_size": 32,
        "density": 0.04,
        "mixed_precision": true,
        "random_seed": 0,
        "task": "lra-listops"
    },
    {
        "batch_size": 128,
        "learning_rate": 0.0006,
        "warmup": 1000,
        "lr_decay": "linear",
        "weight_decay": 0,
        "eval_frequency": 500,
        "num_train_steps": 30000,
        "num_init_steps": 1000,
        "num_eval_steps": 62,
        "num_dense_train_steps": 2500,
        "patience": 10,
        "attn_loss_scale": 0.01
    }
]
attn_mask compile
attn_mask compile
attn_mask compile
attn_mask compile
DataParallel(
  (module): ModelForSC(
    (model): Model(
      (embeddings): Embeddings(
        (word_embeddings): Embedding(32, 64)
        (position_embeddings): Embedding(2048, 64)
        (dropout): Dropout(p=0.1, inplace=False)
      )
      (transformer_0): TransformerLayer(
        (norm1): LayerNorm((64,), eps=1e-05, elementwise_affine=True)
        (mha): Attention(
          (W_q): Linear(in_features=64, out_features=64, bias=True)
          (W_k): Linear(in_features=64, out_features=64, bias=True)
          (W_v): Linear(in_features=64, out_features=64, bias=True)
          (avg_pool): AvgPool2d(kernel_size=64, stride=64, padding=0)
          (MSEloss): MSELoss()
          (attn): CUDAMaskAttention()
          (ff): Linear(in_features=64, out_features=64, bias=True)
        )
        (dropout1): Dropout(p=0.1, inplace=False)
        (norm2): LayerNorm((64,), eps=1e-05, elementwise_affine=True)
        (mlpblock): Sequential(
          (0): Linear(in_features=64, out_features=128, bias=True)
          (1): GELU(approximate='none')
          (2): Dropout(p=0.1, inplace=False)
          (3): Linear(in_features=128, out_features=64, bias=True)
          (4): Dropout(p=0.1, inplace=False)
        )
      )
      (transformer_1): TransformerLayer(
        (norm1): LayerNorm((64,), eps=1e-05, elementwise_affine=True)
        (mha): Attention(
          (W_q): Linear(in_features=64, out_features=64, bias=True)
          (W_k): Linear(in_features=64, out_features=64, bias=True)
          (W_v): Linear(in_features=64, out_features=64, bias=True)
          (avg_pool): AvgPool2d(kernel_size=64, stride=64, padding=0)
          (MSEloss): MSELoss()
          (attn): CUDAMaskAttention()
          (ff): Linear(in_features=64, out_features=64, bias=True)
        )
        (dropout1): Dropout(p=0.1, inplace=False)
        (norm2): LayerNorm((64,), eps=1e-05, elementwise_affine=True)
        (mlpblock): Sequential(
          (0): Linear(in_features=64, out_features=128, bias=True)
          (1): GELU(approximate='none')
          (2): Dropout(p=0.1, inplace=False)
          (3): Linear(in_features=128, out_features=64, bias=True)
          (4): Dropout(p=0.1, inplace=False)
        )
      )
      (transformer_2): TransformerLayer(
        (norm1): LayerNorm((64,), eps=1e-05, elementwise_affine=True)
        (mha): Attention(
          (W_q): Linear(in_features=64, out_features=64, bias=True)
          (W_k): Linear(in_features=64, out_features=64, bias=True)
          (W_v): Linear(in_features=64, out_features=64, bias=True)
          (avg_pool): AvgPool2d(kernel_size=64, stride=64, padding=0)
          (MSEloss): MSELoss()
          (attn): CUDAMaskAttention()
          (ff): Linear(in_features=64, out_features=64, bias=True)
        )
        (dropout1): Dropout(p=0.1, inplace=False)
        (norm2): LayerNorm((64,), eps=1e-05, elementwise_affine=True)
        (mlpblock): Sequential(
          (0): Linear(in_features=64, out_features=128, bias=True)
          (1): GELU(approximate='none')
          (2): Dropout(p=0.1, inplace=False)
          (3): Linear(in_features=128, out_features=64, bias=True)
          (4): Dropout(p=0.1, inplace=False)
        )
      )
      (transformer_3): TransformerLayer(
        (norm1): LayerNorm((64,), eps=1e-05, elementwise_affine=True)
        (mha): Attention(
          (W_q): Linear(in_features=64, out_features=64, bias=True)
          (W_k): Linear(in_features=64, out_features=64, bias=True)
          (W_v): Linear(in_features=64, out_features=64, bias=True)
          (avg_pool): AvgPool2d(kernel_size=64, stride=64, padding=0)
          (MSEloss): MSELoss()
          (attn): CUDAMaskAttention()
          (ff): Linear(in_features=64, out_features=64, bias=True)
        )
        (dropout1): Dropout(p=0.1, inplace=False)
        (norm2): LayerNorm((64,), eps=1e-05, elementwise_affine=True)
        (mlpblock): Sequential(
          (0): Linear(in_features=64, out_features=128, bias=True)
          (1): GELU(approximate='none')
          (2): Dropout(p=0.1, inplace=False)
          (3): Linear(in_features=128, out_features=64, bias=True)
          (4): Dropout(p=0.1, inplace=False)
        )
      )
      (norm): LayerNorm((64,), eps=1e-05, elementwise_affine=True)
    )
    (seq_classifer): SCHead(
      (mlpblock): Sequential(
        (0): Linear(in_features=64, out_features=128, bias=True)
        (1): ReLU()
        (2): Linear(in_features=128, out_features=10, bias=True)
      )
    )
  )
)
parameter_size: [torch.Size([32, 64]), torch.Size([2048, 64]), torch.Size([64]), torch.Size([64]), torch.Size([32, 32]), torch.Size([64, 64]), torch.Size([64]), torch.Size([64, 64]), torch.Size([64]), torch.Size([64, 64]), torch.Size([64]), torch.Size([64, 64]), torch.Size([64]), torch.Size([64]), torch.Size([64]), torch.Size([128, 64]), torch.Size([128]), torch.Size([64, 128]), torch.Size([64]), torch.Size([64]), torch.Size([64]), torch.Size([32, 32]), torch.Size([64, 64]), torch.Size([64]), torch.Size([64, 64]), torch.Size([64]), torch.Size([64, 64]), torch.Size([64]), torch.Size([64, 64]), torch.Size([64]), torch.Size([64]), torch.Size([64]), torch.Size([128, 64]), torch.Size([128]), torch.Size([64, 128]), torch.Size([64]), torch.Size([64]), torch.Size([64]), torch.Size([32, 32]), torch.Size([64, 64]), torch.Size([64]), torch.Size([64, 64]), torch.Size([64]), torch.Size([64, 64]), torch.Size([64]), torch.Size([64, 64]), torch.Size([64]), torch.Size([64]), torch.Size([64]), torch.Size([128, 64]), torch.Size([128]), torch.Size([64, 128]), torch.Size([64]), torch.Size([64]), torch.Size([64]), torch.Size([32, 32]), torch.Size([64, 64]), torch.Size([64]), torch.Size([64, 64]), torch.Size([64]), torch.Size([64, 64]), torch.Size([64]), torch.Size([64, 64]), torch.Size([64]), torch.Size([64]), torch.Size([64]), torch.Size([128, 64]), torch.Size([128]), torch.Size([64, 128]), torch.Size([64]), torch.Size([64]), torch.Size([64]), torch.Size([128, 64]), torch.Size([128]), torch.Size([10, 128]), torch.Size([10])]
num_parameter: 280842
Loaded ../Skyformer/data/lra_processed/lra-listops.train.pickle... size=96000
Loaded ../Skyformer/data/lra_processed/lra-listops.dev.pickle... size=2000
Loaded ../Skyformer/data/lra_processed/lra-listops.test.pickle... size=2000
accumu_steps=1
